INFO - 2023-05-22 00:01:00 --> Session: Class initialized using 'CodeIgniter\Session\Handlers\FileHandler' driver.
INFO - 2023-05-22 00:02:44 --> Session: Class initialized using 'CodeIgniter\Session\Handlers\FileHandler' driver.
INFO - 2023-05-22 00:02:59 --> Session: Class initialized using 'CodeIgniter\Session\Handlers\FileHandler' driver.
INFO - 2023-05-22 00:03:17 --> Session: Class initialized using 'CodeIgniter\Session\Handlers\FileHandler' driver.
INFO - 2023-05-22 00:03:46 --> Session: Class initialized using 'CodeIgniter\Session\Handlers\FileHandler' driver.
INFO - 2023-05-22 00:04:29 --> Session: Class initialized using 'CodeIgniter\Session\Handlers\FileHandler' driver.
INFO - 2023-05-22 00:08:16 --> Session: Class initialized using 'CodeIgniter\Session\Handlers\FileHandler' driver.
INFO - 2023-05-22 00:08:17 --> Session: Class initialized using 'CodeIgniter\Session\Handlers\FileHandler' driver.
INFO - 2023-05-22 00:08:55 --> Session: Class initialized using 'CodeIgniter\Session\Handlers\FileHandler' driver.
INFO - 2023-05-22 00:08:58 --> Session: Class initialized using 'CodeIgniter\Session\Handlers\FileHandler' driver.
INFO - 2023-05-22 00:08:59 --> Session: Class initialized using 'CodeIgniter\Session\Handlers\FileHandler' driver.
INFO - 2023-05-22 00:09:37 --> Session: Class initialized using 'CodeIgniter\Session\Handlers\FileHandler' driver.
INFO - 2023-05-22 00:09:38 --> Session: Class initialized using 'CodeIgniter\Session\Handlers\FileHandler' driver.
INFO - 2023-05-22 00:10:10 --> Session: Class initialized using 'CodeIgniter\Session\Handlers\FileHandler' driver.
INFO - 2023-05-22 00:10:23 --> Session: Class initialized using 'CodeIgniter\Session\Handlers\FileHandler' driver.
INFO - 2023-05-22 00:10:31 --> Session: Class initialized using 'CodeIgniter\Session\Handlers\FileHandler' driver.
CRITICAL - 2023-05-22 00:13:36 --> Call to undefined method App\Models\KutipanModel::getKutipanPage
in SYSTEMPATH\Model.php on line 841.
 1 APPPATH\Controllers\Home.php(25): CodeIgniter\Model->__call('getKutipanPage', [])
 2 SYSTEMPATH\CodeIgniter.php(934): App\Controllers\Home->index()
 3 SYSTEMPATH\CodeIgniter.php(499): CodeIgniter\CodeIgniter->runController(Object(App\Controllers\Home))
 4 SYSTEMPATH\CodeIgniter.php(368): CodeIgniter\CodeIgniter->handleRequest(null, Object(Config\Cache), false)
 5 FCPATH\index.php(67): CodeIgniter\CodeIgniter->run()
 6 SYSTEMPATH\Commands\Server\rewrite.php(47): require_once('FCPATH\\index.php')
CRITICAL - 2023-05-22 00:17:43 --> Call to undefined method App\Models\KutipanModel::getKutipanPage
in SYSTEMPATH\Model.php on line 841.
 1 APPPATH\Controllers\Home.php(25): CodeIgniter\Model->__call('getKutipanPage', [])
 2 SYSTEMPATH\CodeIgniter.php(934): App\Controllers\Home->index()
 3 SYSTEMPATH\CodeIgniter.php(499): CodeIgniter\CodeIgniter->runController(Object(App\Controllers\Home))
 4 SYSTEMPATH\CodeIgniter.php(368): CodeIgniter\CodeIgniter->handleRequest(null, Object(Config\Cache), false)
 5 FCPATH\index.php(67): CodeIgniter\CodeIgniter->run()
 6 SYSTEMPATH\Commands\Server\rewrite.php(47): require_once('FCPATH\\index.php')
CRITICAL - 2023-05-22 00:18:29 --> Undefined variable $gblp
in APPPATH\Views\home\v_home.php on line 76.
 1 APPPATH\Views\home\v_home.php(76): CodeIgniter\Debug\Exceptions->errorHandler(2, 'Undefined variable $gblp', 'APPPATH\\Views\\home\\v_home.php', 76)
 2 SYSTEMPATH\View\View.php(213): include('APPPATH\\Views\\home\\v_home.php')
 3 SYSTEMPATH\View\View.php(216): CodeIgniter\View\View->CodeIgniter\View\{closure}()
 4 SYSTEMPATH\Common.php(1177): CodeIgniter\View\View->render('home/v_home', [], true)
 5 APPPATH\Controllers\Home.php(30): view('home/v_home', [...])
 6 SYSTEMPATH\CodeIgniter.php(934): App\Controllers\Home->index()
 7 SYSTEMPATH\CodeIgniter.php(499): CodeIgniter\CodeIgniter->runController(Object(App\Controllers\Home))
 8 SYSTEMPATH\CodeIgniter.php(368): CodeIgniter\CodeIgniter->handleRequest(null, Object(Config\Cache), false)
 9 FCPATH\index.php(67): CodeIgniter\CodeIgniter->run()
10 SYSTEMPATH\Commands\Server\rewrite.php(47): require_once('FCPATH\\index.php')
ERROR - 2023-05-22 00:21:32 --> mysqli_sql_exception: Column 'created_at' in order clause is ambiguous in C:\xampp\htdocs\basyir_mobile\system\Database\MySQLi\Connection.php:295
Stack trace:
#0 C:\xampp\htdocs\basyir_mobile\system\Database\MySQLi\Connection.php(295): mysqli->query('SELECT * FROM t...', 0)
#1 C:\xampp\htdocs\basyir_mobile\system\Database\BaseConnection.php(691): CodeIgniter\Database\MySQLi\Connection->execute('SELECT * FROM t...')
#2 C:\xampp\htdocs\basyir_mobile\system\Database\BaseConnection.php(605): CodeIgniter\Database\BaseConnection->simpleQuery('SELECT * FROM t...')
#3 C:\xampp\htdocs\basyir_mobile\app\Models\WawasanIslamiModel.php(74): CodeIgniter\Database\BaseConnection->query('SELECT * FROM t...')
#4 C:\xampp\htdocs\basyir_mobile\app\Controllers\Home.php(20): App\Models\WawasanIslamiModel->getWawasanIslamiLandingPage()
#5 C:\xampp\htdocs\basyir_mobile\system\CodeIgniter.php(934): App\Controllers\Home->index()
#6 C:\xampp\htdocs\basyir_mobile\system\CodeIgniter.php(499): CodeIgniter\CodeIgniter->runController(Object(App\Controllers\Home))
#7 C:\xampp\htdocs\basyir_mobile\system\CodeIgniter.php(368): CodeIgniter\CodeIgniter->handleRequest(NULL, Object(Config\Cache), false)
#8 C:\xampp\htdocs\basyir_mobile\public\index.php(67): CodeIgniter\CodeIgniter->run()
#9 C:\xampp\htdocs\basyir_mobile\system\Commands\Server\rewrite.php(47): require_once('C:\\xampp\\htdocs...')
#10 {main}
CRITICAL - 2023-05-22 00:21:32 --> Column 'created_at' in order clause is ambiguous
in SYSTEMPATH\Database\BaseConnection.php on line 645.
 1 APPPATH\Models\WawasanIslamiModel.php(74): CodeIgniter\Database\BaseConnection->query('SELECT * FROM tbl_wawasan_islami as a INNER JOIN tbl_user as b on a.id_user = b.id INNER join tbl_kategori_wawasan_islami as c on a.id_kategori_wawasan_islami = c.id_kategori_wawasan_islami where a.status_wawasan_islami = \'2\' ORDER BY created_at desc limit 3')
 2 APPPATH\Controllers\Home.php(20): App\Models\WawasanIslamiModel->getWawasanIslamiLandingPage()
 3 SYSTEMPATH\CodeIgniter.php(934): App\Controllers\Home->index()
 4 SYSTEMPATH\CodeIgniter.php(499): CodeIgniter\CodeIgniter->runController(Object(App\Controllers\Home))
 5 SYSTEMPATH\CodeIgniter.php(368): CodeIgniter\CodeIgniter->handleRequest(null, Object(Config\Cache), false)
 6 FCPATH\index.php(67): CodeIgniter\CodeIgniter->run()
 7 SYSTEMPATH\Commands\Server\rewrite.php(47): require_once('FCPATH\\index.php')
CRITICAL - 2023-05-22 00:36:22 --> Undefined variable $getBeritaLandingPage
in APPPATH\Views\berita\v_berita.php on line 26.
 1 APPPATH\Views\berita\v_berita.php(26): CodeIgniter\Debug\Exceptions->errorHandler(2, 'Undefined variable $getBeritaLandingPage', 'APPPATH\\Views\\berita\\v_berita.php', 26)
 2 SYSTEMPATH\View\View.php(213): include('APPPATH\\Views\\berita\\v_berita.php')
 3 SYSTEMPATH\View\View.php(216): CodeIgniter\View\View->CodeIgniter\View\{closure}()
 4 SYSTEMPATH\Common.php(1177): CodeIgniter\View\View->render('berita/v_berita', [], true)
 5 APPPATH\Controllers\BeritaController.php(30): view('berita/v_berita', [...])
 6 SYSTEMPATH\CodeIgniter.php(934): App\Controllers\BeritaController->index()
 7 SYSTEMPATH\CodeIgniter.php(499): CodeIgniter\CodeIgniter->runController(Object(App\Controllers\BeritaController))
 8 SYSTEMPATH\CodeIgniter.php(368): CodeIgniter\CodeIgniter->handleRequest(null, Object(Config\Cache), false)
 9 FCPATH\index.php(67): CodeIgniter\CodeIgniter->run()
10 SYSTEMPATH\Commands\Server\rewrite.php(47): require_once('FCPATH\\index.php')
CRITICAL - 2023-05-22 00:39:37 --> syntax error, unexpected token "endforeach", expecting "elseif" or "else" or "endif"
in APPPATH\Views\berita\v_berita.php on line 67.
 1 SYSTEMPATH\View\View.php(216): CodeIgniter\View\View->CodeIgniter\View\{closure}()
 2 SYSTEMPATH\Common.php(1177): CodeIgniter\View\View->render('berita/v_berita', [], true)
 3 APPPATH\Controllers\BeritaController.php(30): view('berita/v_berita', [...])
 4 SYSTEMPATH\CodeIgniter.php(934): App\Controllers\BeritaController->index()
 5 SYSTEMPATH\CodeIgniter.php(499): CodeIgniter\CodeIgniter->runController(Object(App\Controllers\BeritaController))
 6 SYSTEMPATH\CodeIgniter.php(368): CodeIgniter\CodeIgniter->handleRequest(null, Object(Config\Cache), false)
 7 FCPATH\index.php(67): CodeIgniter\CodeIgniter->run()
 8 SYSTEMPATH\Commands\Server\rewrite.php(47): require_once('FCPATH\\index.php')
CRITICAL - 2023-05-22 00:49:38 --> syntax error, unexpected token ":"
in APPPATH\Views\berita\v_berita.php on line 65.
 1 SYSTEMPATH\View\View.php(216): CodeIgniter\View\View->CodeIgniter\View\{closure}()
 2 SYSTEMPATH\Common.php(1177): CodeIgniter\View\View->render('berita/v_berita', [], true)
 3 APPPATH\Controllers\BeritaController.php(30): view('berita/v_berita', [...])
 4 SYSTEMPATH\CodeIgniter.php(934): App\Controllers\BeritaController->index()
 5 SYSTEMPATH\CodeIgniter.php(499): CodeIgniter\CodeIgniter->runController(Object(App\Controllers\BeritaController))
 6 SYSTEMPATH\CodeIgniter.php(368): CodeIgniter\CodeIgniter->handleRequest(null, Object(Config\Cache), false)
 7 FCPATH\index.php(67): CodeIgniter\CodeIgniter->run()
 8 SYSTEMPATH\Commands\Server\rewrite.php(47): require_once('FCPATH\\index.php')
INFO - 2023-05-22 00:54:20 --> Session: Class initialized using 'CodeIgniter\Session\Handlers\FileHandler' driver.
CRITICAL - 2023-05-22 00:57:49 --> Undefined variable $id_berita
in APPPATH\Views\berita\v_berita.php on line 28.
 1 APPPATH\Views\berita\v_berita.php(28): CodeIgniter\Debug\Exceptions->errorHandler(2, 'Undefined variable $id_berita', 'APPPATH\\Views\\berita\\v_berita.php', 28)
 2 SYSTEMPATH\View\View.php(213): include('APPPATH\\Views\\berita\\v_berita.php')
 3 SYSTEMPATH\View\View.php(216): CodeIgniter\View\View->CodeIgniter\View\{closure}()
 4 SYSTEMPATH\Common.php(1177): CodeIgniter\View\View->render('berita/v_berita', [], true)
 5 APPPATH\Controllers\BeritaController.php(30): view('berita/v_berita', [...])
 6 SYSTEMPATH\CodeIgniter.php(934): App\Controllers\BeritaController->index()
 7 SYSTEMPATH\CodeIgniter.php(499): CodeIgniter\CodeIgniter->runController(Object(App\Controllers\BeritaController))
 8 SYSTEMPATH\CodeIgniter.php(368): CodeIgniter\CodeIgniter->handleRequest(null, Object(Config\Cache), false)
 9 FCPATH\index.php(67): CodeIgniter\CodeIgniter->run()
10 SYSTEMPATH\Commands\Server\rewrite.php(47): require_once('FCPATH\\index.php')
CRITICAL - 2023-05-22 00:58:21 --> Undefined variable $judul_berita
in APPPATH\Views\berita\v_berita.php on line 28.
 1 APPPATH\Views\berita\v_berita.php(28): CodeIgniter\Debug\Exceptions->errorHandler(2, 'Undefined variable $judul_berita', 'APPPATH\\Views\\berita\\v_berita.php', 28)
 2 SYSTEMPATH\View\View.php(213): include('APPPATH\\Views\\berita\\v_berita.php')
 3 SYSTEMPATH\View\View.php(216): CodeIgniter\View\View->CodeIgniter\View\{closure}()
 4 SYSTEMPATH\Common.php(1177): CodeIgniter\View\View->render('berita/v_berita', [], true)
 5 APPPATH\Controllers\BeritaController.php(30): view('berita/v_berita', [...])
 6 SYSTEMPATH\CodeIgniter.php(934): App\Controllers\BeritaController->index()
 7 SYSTEMPATH\CodeIgniter.php(499): CodeIgniter\CodeIgniter->runController(Object(App\Controllers\BeritaController))
 8 SYSTEMPATH\CodeIgniter.php(368): CodeIgniter\CodeIgniter->handleRequest(null, Object(Config\Cache), false)
 9 FCPATH\index.php(67): CodeIgniter\CodeIgniter->run()
10 SYSTEMPATH\Commands\Server\rewrite.php(47): require_once('FCPATH\\index.php')
CRITICAL - 2023-05-22 00:59:38 --> Undefined variable $judul_berita
in APPPATH\Views\berita\v_berita.php on line 28.
 1 APPPATH\Views\berita\v_berita.php(28): CodeIgniter\Debug\Exceptions->errorHandler(2, 'Undefined variable $judul_berita', 'APPPATH\\Views\\berita\\v_berita.php', 28)
 2 SYSTEMPATH\View\View.php(213): include('APPPATH\\Views\\berita\\v_berita.php')
 3 SYSTEMPATH\View\View.php(216): CodeIgniter\View\View->CodeIgniter\View\{closure}()
 4 SYSTEMPATH\Common.php(1177): CodeIgniter\View\View->render('berita/v_berita', [], true)
 5 APPPATH\Controllers\BeritaController.php(30): view('berita/v_berita', [...])
 6 SYSTEMPATH\CodeIgniter.php(934): App\Controllers\BeritaController->index()
 7 SYSTEMPATH\CodeIgniter.php(499): CodeIgniter\CodeIgniter->runController(Object(App\Controllers\BeritaController))
 8 SYSTEMPATH\CodeIgniter.php(368): CodeIgniter\CodeIgniter->handleRequest(null, Object(Config\Cache), false)
 9 FCPATH\index.php(67): CodeIgniter\CodeIgniter->run()
10 SYSTEMPATH\Commands\Server\rewrite.php(47): require_once('FCPATH\\index.php')
INFO - 2023-05-22 01:01:26 --> Session: Class initialized using 'CodeIgniter\Session\Handlers\FileHandler' driver.
INFO - 2023-05-22 01:01:31 --> Session: Class initialized using 'CodeIgniter\Session\Handlers\FileHandler' driver.
INFO - 2023-05-22 01:01:35 --> Session: Class initialized using 'CodeIgniter\Session\Handlers\FileHandler' driver.
INFO - 2023-05-22 01:02:45 --> Session: Class initialized using 'CodeIgniter\Session\Handlers\FileHandler' driver.
INFO - 2023-05-22 01:03:10 --> Session: Class initialized using 'CodeIgniter\Session\Handlers\FileHandler' driver.
INFO - 2023-05-22 01:03:51 --> Session: Class initialized using 'CodeIgniter\Session\Handlers\FileHandler' driver.
INFO - 2023-05-22 01:04:22 --> Session: Class initialized using 'CodeIgniter\Session\Handlers\FileHandler' driver.
INFO - 2023-05-22 01:04:39 --> Session: Class initialized using 'CodeIgniter\Session\Handlers\FileHandler' driver.
CRITICAL - 2023-05-22 01:16:36 --> Undefined variable $getBeritaByStatus
in APPPATH\Views\wawasan_islami\v_wawasan_islami.php on line 26.
 1 APPPATH\Views\wawasan_islami\v_wawasan_islami.php(26): CodeIgniter\Debug\Exceptions->errorHandler(2, 'Undefined variable $getBeritaByStatus', 'APPPATH\\Views\\wawasan_islami\\v_wawasan_islami.php', 26)
 2 SYSTEMPATH\View\View.php(213): include('APPPATH\\Views\\wawasan_islami\\v_wawasan_islami.php')
 3 SYSTEMPATH\View\View.php(216): CodeIgniter\View\View->CodeIgniter\View\{closure}()
 4 SYSTEMPATH\Common.php(1177): CodeIgniter\View\View->render('wawasan_islami/v_wawasan_islami', [], true)
 5 APPPATH\Controllers\WawasanIslamiController.php(30): view('wawasan_islami/v_wawasan_islami', [...])
 6 SYSTEMPATH\CodeIgniter.php(934): App\Controllers\WawasanIslamiController->index()
 7 SYSTEMPATH\CodeIgniter.php(499): CodeIgniter\CodeIgniter->runController(Object(App\Controllers\WawasanIslamiController))
 8 SYSTEMPATH\CodeIgniter.php(368): CodeIgniter\CodeIgniter->handleRequest(null, Object(Config\Cache), false)
 9 FCPATH\index.php(67): CodeIgniter\CodeIgniter->run()
10 SYSTEMPATH\Commands\Server\rewrite.php(47): require_once('FCPATH\\index.php')
CRITICAL - 2023-05-22 01:21:17 --> Undefined variable $gbbs
in APPPATH\Views\home\v_home.php on line 107.
 1 APPPATH\Views\home\v_home.php(107): CodeIgniter\Debug\Exceptions->errorHandler(2, 'Undefined variable $gbbs', 'APPPATH\\Views\\home\\v_home.php', 107)
 2 SYSTEMPATH\View\View.php(213): include('APPPATH\\Views\\home\\v_home.php')
 3 SYSTEMPATH\View\View.php(216): CodeIgniter\View\View->CodeIgniter\View\{closure}()
 4 SYSTEMPATH\Common.php(1177): CodeIgniter\View\View->render('home/v_home', [], true)
 5 APPPATH\Controllers\Home.php(30): view('home/v_home', [...])
 6 SYSTEMPATH\CodeIgniter.php(934): App\Controllers\Home->index()
 7 SYSTEMPATH\CodeIgniter.php(499): CodeIgniter\CodeIgniter->runController(Object(App\Controllers\Home))
 8 SYSTEMPATH\CodeIgniter.php(368): CodeIgniter\CodeIgniter->handleRequest(null, Object(Config\Cache), false)
 9 FCPATH\index.php(67): CodeIgniter\CodeIgniter->run()
10 SYSTEMPATH\Commands\Server\rewrite.php(47): require_once('FCPATH\\index.php')
INFO - 2023-05-22 01:22:42 --> Session: Class initialized using 'CodeIgniter\Session\Handlers\FileHandler' driver.
INFO - 2023-05-22 01:22:51 --> Session: Class initialized using 'CodeIgniter\Session\Handlers\FileHandler' driver.
INFO - 2023-05-22 01:23:04 --> Session: Class initialized using 'CodeIgniter\Session\Handlers\FileHandler' driver.
INFO - 2023-05-22 01:26:32 --> Session: Class initialized using 'CodeIgniter\Session\Handlers\FileHandler' driver.
CRITICAL - 2023-05-22 01:26:32 --> Undefined property: stdClass::$judul_berita
in APPPATH\Views\wawasan_islami\v_detail_wawasan_islami.php on line 18.
 1 APPPATH\Views\wawasan_islami\v_detail_wawasan_islami.php(18): CodeIgniter\Debug\Exceptions->errorHandler(2, 'Undefined property: stdClass::$judul_berita', 'APPPATH\\Views\\wawasan_islami\\v_detail_wawasan_islami.php', 18)
 2 SYSTEMPATH\View\View.php(213): include('APPPATH\\Views\\wawasan_islami\\v_detail_wawasan_islami.php')
 3 SYSTEMPATH\View\View.php(216): CodeIgniter\View\View->CodeIgniter\View\{closure}()
 4 SYSTEMPATH\Common.php(1177): CodeIgniter\View\View->render('wawasan_islami/v_detail_wawasan_islami', [], true)
 5 APPPATH\Controllers\WawasanIslamiController.php(43): view('wawasan_islami/v_detail_wawasan_islami', [...])
 6 SYSTEMPATH\CodeIgniter.php(934): App\Controllers\WawasanIslamiController->index2('17')
 7 SYSTEMPATH\CodeIgniter.php(499): CodeIgniter\CodeIgniter->runController(Object(App\Controllers\WawasanIslamiController))
 8 SYSTEMPATH\CodeIgniter.php(368): CodeIgniter\CodeIgniter->handleRequest(null, Object(Config\Cache), false)
 9 FCPATH\index.php(67): CodeIgniter\CodeIgniter->run()
10 SYSTEMPATH\Commands\Server\rewrite.php(47): require_once('FCPATH\\index.php')
INFO - 2023-05-22 01:26:53 --> Session: Class initialized using 'CodeIgniter\Session\Handlers\FileHandler' driver.
INFO - 2023-05-22 01:27:27 --> Session: Class initialized using 'CodeIgniter\Session\Handlers\FileHandler' driver.
CRITICAL - 2023-05-22 01:38:05 --> syntax error, unexpected token "foreach"
in APPPATH\Views\kutipan\v_kutipan.php on line 18.
 1 SYSTEMPATH\View\View.php(216): CodeIgniter\View\View->CodeIgniter\View\{closure}()
 2 SYSTEMPATH\Common.php(1177): CodeIgniter\View\View->render('kutipan/v_kutipan', [], true)
 3 APPPATH\Controllers\KutipanController.php(19): view('kutipan/v_kutipan', [...])
 4 SYSTEMPATH\CodeIgniter.php(934): App\Controllers\KutipanController->index()
 5 SYSTEMPATH\CodeIgniter.php(499): CodeIgniter\CodeIgniter->runController(Object(App\Controllers\KutipanController))
 6 SYSTEMPATH\CodeIgniter.php(368): CodeIgniter\CodeIgniter->handleRequest(null, Object(Config\Cache), false)
 7 FCPATH\index.php(67): CodeIgniter\CodeIgniter->run()
 8 SYSTEMPATH\Commands\Server\rewrite.php(47): require_once('FCPATH\\index.php')
