ERROR - 2023-05-25 04:40:45 --> Error connecting to the database: mysqli_sql_exception: No connection could be made because the target machine actively refused it in D:\xampp\htdocs\basyir_mobile\system\Database\MySQLi\Connection.php:174
Stack trace:
#0 D:\xampp\htdocs\basyir_mobile\system\Database\MySQLi\Connection.php(174): mysqli->real_connect('localhost', 'root', '', 'db_basyir_mobil...', 3306, '', 0)
#1 D:\xampp\htdocs\basyir_mobile\system\Database\BaseConnection.php(391): CodeIgniter\Database\MySQLi\Connection->connect(false)
#2 D:\xampp\htdocs\basyir_mobile\system\Database\BaseConnection.php(573): CodeIgniter\Database\BaseConnection->initialize()
#3 D:\xampp\htdocs\basyir_mobile\app\Models\BeritaModel.php(76): CodeIgniter\Database\BaseConnection->query('SELECT * FROM t...')
#4 D:\xampp\htdocs\basyir_mobile\app\Controllers\Home.php(15): App\Models\BeritaModel->getBeritaLandingPage()
#5 D:\xampp\htdocs\basyir_mobile\system\CodeIgniter.php(934): App\Controllers\Home->index()
#6 D:\xampp\htdocs\basyir_mobile\system\CodeIgniter.php(499): CodeIgniter\CodeIgniter->runController(Object(App\Controllers\Home))
#7 D:\xampp\htdocs\basyir_mobile\system\CodeIgniter.php(368): CodeIgniter\CodeIgniter->handleRequest(NULL, Object(Config\Cache), false)
#8 D:\xampp\htdocs\basyir_mobile\public\index.php(67): CodeIgniter\CodeIgniter->run()
#9 D:\xampp\htdocs\basyir_mobile\system\Commands\Server\rewrite.php(47): require_once('D:\\xampp\\htdocs...')
#10 {main}

Next CodeIgniter\Database\Exceptions\DatabaseException: No connection could be made because the target machine actively refused it in D:\xampp\htdocs\basyir_mobile\system\Database\MySQLi\Connection.php:218
Stack trace:
#0 D:\xampp\htdocs\basyir_mobile\system\Database\BaseConnection.php(391): CodeIgniter\Database\MySQLi\Connection->connect(false)
#1 D:\xampp\htdocs\basyir_mobile\system\Database\BaseConnection.php(573): CodeIgniter\Database\BaseConnection->initialize()
#2 D:\xampp\htdocs\basyir_mobile\app\Models\BeritaModel.php(76): CodeIgniter\Database\BaseConnection->query('SELECT * FROM t...')
#3 D:\xampp\htdocs\basyir_mobile\app\Controllers\Home.php(15): App\Models\BeritaModel->getBeritaLandingPage()
#4 D:\xampp\htdocs\basyir_mobile\system\CodeIgniter.php(934): App\Controllers\Home->index()
#5 D:\xampp\htdocs\basyir_mobile\system\CodeIgniter.php(499): CodeIgniter\CodeIgniter->runController(Object(App\Controllers\Home))
#6 D:\xampp\htdocs\basyir_mobile\system\CodeIgniter.php(368): CodeIgniter\CodeIgniter->handleRequest(NULL, Object(Config\Cache), false)
#7 D:\xampp\htdocs\basyir_mobile\public\index.php(67): CodeIgniter\CodeIgniter->run()
#8 D:\xampp\htdocs\basyir_mobile\system\Commands\Server\rewrite.php(47): require_once('D:\\xampp\\htdocs...')
#9 {main}
CRITICAL - 2023-05-25 04:40:45 --> Unable to connect to the database.
Main connection [MySQLi]: No connection could be made because the target machine actively refused it
in SYSTEMPATH\Database\BaseConnection.php on line 427.
 1 SYSTEMPATH\Database\BaseConnection.php(573): CodeIgniter\Database\BaseConnection->initialize()
 2 APPPATH\Models\BeritaModel.php(76): CodeIgniter\Database\BaseConnection->query('SELECT * FROM tbl_berita where status_berita = \'2\' ORDER BY created_at desc limit 3')
 3 APPPATH\Controllers\Home.php(15): App\Models\BeritaModel->getBeritaLandingPage()
 4 SYSTEMPATH\CodeIgniter.php(934): App\Controllers\Home->index()
 5 SYSTEMPATH\CodeIgniter.php(499): CodeIgniter\CodeIgniter->runController(Object(App\Controllers\Home))
 6 SYSTEMPATH\CodeIgniter.php(368): CodeIgniter\CodeIgniter->handleRequest(null, Object(Config\Cache), false)
 7 FCPATH\index.php(67): CodeIgniter\CodeIgniter->run()
 8 SYSTEMPATH\Commands\Server\rewrite.php(47): require_once('FCPATH\\index.php')
ERROR - 2023-05-25 12:56:55 --> Error connecting to the database: mysqli_sql_exception: No connection could be made because the target machine actively refused it in D:\xampp\htdocs\basyir_mobile\system\Database\MySQLi\Connection.php:174
Stack trace:
#0 D:\xampp\htdocs\basyir_mobile\system\Database\MySQLi\Connection.php(174): mysqli->real_connect('localhost', 'root', '', 'db_basyir_mobil...', 3306, '', 0)
#1 D:\xampp\htdocs\basyir_mobile\system\Database\BaseConnection.php(391): CodeIgniter\Database\MySQLi\Connection->connect(false)
#2 D:\xampp\htdocs\basyir_mobile\system\Database\BaseConnection.php(573): CodeIgniter\Database\BaseConnection->initialize()
#3 D:\xampp\htdocs\basyir_mobile\app\Models\BeritaModel.php(76): CodeIgniter\Database\BaseConnection->query('SELECT * FROM t...')
#4 D:\xampp\htdocs\basyir_mobile\app\Controllers\Home.php(15): App\Models\BeritaModel->getBeritaLandingPage()
#5 D:\xampp\htdocs\basyir_mobile\system\CodeIgniter.php(934): App\Controllers\Home->index()
#6 D:\xampp\htdocs\basyir_mobile\system\CodeIgniter.php(499): CodeIgniter\CodeIgniter->runController(Object(App\Controllers\Home))
#7 D:\xampp\htdocs\basyir_mobile\system\CodeIgniter.php(368): CodeIgniter\CodeIgniter->handleRequest(NULL, Object(Config\Cache), false)
#8 D:\xampp\htdocs\basyir_mobile\public\index.php(67): CodeIgniter\CodeIgniter->run()
#9 D:\xampp\htdocs\basyir_mobile\system\Commands\Server\rewrite.php(47): require_once('D:\\xampp\\htdocs...')
#10 {main}

Next CodeIgniter\Database\Exceptions\DatabaseException: No connection could be made because the target machine actively refused it in D:\xampp\htdocs\basyir_mobile\system\Database\MySQLi\Connection.php:218
Stack trace:
#0 D:\xampp\htdocs\basyir_mobile\system\Database\BaseConnection.php(391): CodeIgniter\Database\MySQLi\Connection->connect(false)
#1 D:\xampp\htdocs\basyir_mobile\system\Database\BaseConnection.php(573): CodeIgniter\Database\BaseConnection->initialize()
#2 D:\xampp\htdocs\basyir_mobile\app\Models\BeritaModel.php(76): CodeIgniter\Database\BaseConnection->query('SELECT * FROM t...')
#3 D:\xampp\htdocs\basyir_mobile\app\Controllers\Home.php(15): App\Models\BeritaModel->getBeritaLandingPage()
#4 D:\xampp\htdocs\basyir_mobile\system\CodeIgniter.php(934): App\Controllers\Home->index()
#5 D:\xampp\htdocs\basyir_mobile\system\CodeIgniter.php(499): CodeIgniter\CodeIgniter->runController(Object(App\Controllers\Home))
#6 D:\xampp\htdocs\basyir_mobile\system\CodeIgniter.php(368): CodeIgniter\CodeIgniter->handleRequest(NULL, Object(Config\Cache), false)
#7 D:\xampp\htdocs\basyir_mobile\public\index.php(67): CodeIgniter\CodeIgniter->run()
#8 D:\xampp\htdocs\basyir_mobile\system\Commands\Server\rewrite.php(47): require_once('D:\\xampp\\htdocs...')
#9 {main}
CRITICAL - 2023-05-25 12:56:56 --> Unable to connect to the database.
Main connection [MySQLi]: No connection could be made because the target machine actively refused it
in SYSTEMPATH\Database\BaseConnection.php on line 427.
 1 SYSTEMPATH\Database\BaseConnection.php(573): CodeIgniter\Database\BaseConnection->initialize()
 2 APPPATH\Models\BeritaModel.php(76): CodeIgniter\Database\BaseConnection->query('SELECT * FROM tbl_berita where status_berita = \'2\' ORDER BY created_at desc limit 3')
 3 APPPATH\Controllers\Home.php(15): App\Models\BeritaModel->getBeritaLandingPage()
 4 SYSTEMPATH\CodeIgniter.php(934): App\Controllers\Home->index()
 5 SYSTEMPATH\CodeIgniter.php(499): CodeIgniter\CodeIgniter->runController(Object(App\Controllers\Home))
 6 SYSTEMPATH\CodeIgniter.php(368): CodeIgniter\CodeIgniter->handleRequest(null, Object(Config\Cache), false)
 7 FCPATH\index.php(67): CodeIgniter\CodeIgniter->run()
 8 SYSTEMPATH\Commands\Server\rewrite.php(47): require_once('FCPATH\\index.php')
ERROR - 2023-05-25 12:57:32 --> Error connecting to the database: mysqli_sql_exception: No connection could be made because the target machine actively refused it in D:\xampp\htdocs\basyir_mobile\system\Database\MySQLi\Connection.php:174
Stack trace:
#0 D:\xampp\htdocs\basyir_mobile\system\Database\MySQLi\Connection.php(174): mysqli->real_connect('localhost', 'root', '', 'db_basyir_mobil...', 3306, '', 0)
#1 D:\xampp\htdocs\basyir_mobile\system\Database\BaseConnection.php(391): CodeIgniter\Database\MySQLi\Connection->connect(false)
#2 D:\xampp\htdocs\basyir_mobile\system\Database\BaseConnection.php(573): CodeIgniter\Database\BaseConnection->initialize()
#3 D:\xampp\htdocs\basyir_mobile\app\Models\BeritaModel.php(76): CodeIgniter\Database\BaseConnection->query('SELECT * FROM t...')
#4 D:\xampp\htdocs\basyir_mobile\app\Controllers\Home.php(15): App\Models\BeritaModel->getBeritaLandingPage()
#5 D:\xampp\htdocs\basyir_mobile\system\CodeIgniter.php(934): App\Controllers\Home->index()
#6 D:\xampp\htdocs\basyir_mobile\system\CodeIgniter.php(499): CodeIgniter\CodeIgniter->runController(Object(App\Controllers\Home))
#7 D:\xampp\htdocs\basyir_mobile\system\CodeIgniter.php(368): CodeIgniter\CodeIgniter->handleRequest(NULL, Object(Config\Cache), false)
#8 D:\xampp\htdocs\basyir_mobile\public\index.php(67): CodeIgniter\CodeIgniter->run()
#9 D:\xampp\htdocs\basyir_mobile\system\Commands\Server\rewrite.php(47): require_once('D:\\xampp\\htdocs...')
#10 {main}

Next CodeIgniter\Database\Exceptions\DatabaseException: No connection could be made because the target machine actively refused it in D:\xampp\htdocs\basyir_mobile\system\Database\MySQLi\Connection.php:218
Stack trace:
#0 D:\xampp\htdocs\basyir_mobile\system\Database\BaseConnection.php(391): CodeIgniter\Database\MySQLi\Connection->connect(false)
#1 D:\xampp\htdocs\basyir_mobile\system\Database\BaseConnection.php(573): CodeIgniter\Database\BaseConnection->initialize()
#2 D:\xampp\htdocs\basyir_mobile\app\Models\BeritaModel.php(76): CodeIgniter\Database\BaseConnection->query('SELECT * FROM t...')
#3 D:\xampp\htdocs\basyir_mobile\app\Controllers\Home.php(15): App\Models\BeritaModel->getBeritaLandingPage()
#4 D:\xampp\htdocs\basyir_mobile\system\CodeIgniter.php(934): App\Controllers\Home->index()
#5 D:\xampp\htdocs\basyir_mobile\system\CodeIgniter.php(499): CodeIgniter\CodeIgniter->runController(Object(App\Controllers\Home))
#6 D:\xampp\htdocs\basyir_mobile\system\CodeIgniter.php(368): CodeIgniter\CodeIgniter->handleRequest(NULL, Object(Config\Cache), false)
#7 D:\xampp\htdocs\basyir_mobile\public\index.php(67): CodeIgniter\CodeIgniter->run()
#8 D:\xampp\htdocs\basyir_mobile\system\Commands\Server\rewrite.php(47): require_once('D:\\xampp\\htdocs...')
#9 {main}
CRITICAL - 2023-05-25 12:57:32 --> Unable to connect to the database.
Main connection [MySQLi]: No connection could be made because the target machine actively refused it
in SYSTEMPATH\Database\BaseConnection.php on line 427.
 1 SYSTEMPATH\Database\BaseConnection.php(573): CodeIgniter\Database\BaseConnection->initialize()
 2 APPPATH\Models\BeritaModel.php(76): CodeIgniter\Database\BaseConnection->query('SELECT * FROM tbl_berita where status_berita = \'2\' ORDER BY created_at desc limit 3')
 3 APPPATH\Controllers\Home.php(15): App\Models\BeritaModel->getBeritaLandingPage()
 4 SYSTEMPATH\CodeIgniter.php(934): App\Controllers\Home->index()
 5 SYSTEMPATH\CodeIgniter.php(499): CodeIgniter\CodeIgniter->runController(Object(App\Controllers\Home))
 6 SYSTEMPATH\CodeIgniter.php(368): CodeIgniter\CodeIgniter->handleRequest(null, Object(Config\Cache), false)
 7 FCPATH\index.php(67): CodeIgniter\CodeIgniter->run()
 8 SYSTEMPATH\Commands\Server\rewrite.php(47): require_once('FCPATH\\index.php')
INFO - 2023-05-25 13:26:29 --> Session: Class initialized using 'CodeIgniter\Session\Handlers\FileHandler' driver.
INFO - 2023-05-25 13:48:19 --> Session: Class initialized using 'CodeIgniter\Session\Handlers\FileHandler' driver.
INFO - 2023-05-25 13:48:38 --> Session: Class initialized using 'CodeIgniter\Session\Handlers\FileHandler' driver.
INFO - 2023-05-25 13:48:43 --> Session: Class initialized using 'CodeIgniter\Session\Handlers\FileHandler' driver.
INFO - 2023-05-25 13:55:16 --> Session: Class initialized using 'CodeIgniter\Session\Handlers\FileHandler' driver.
INFO - 2023-05-25 13:55:16 --> Session: Class initialized using 'CodeIgniter\Session\Handlers\FileHandler' driver.
INFO - 2023-05-25 13:55:22 --> Session: Class initialized using 'CodeIgniter\Session\Handlers\FileHandler' driver.
INFO - 2023-05-25 13:55:22 --> Session: Class initialized using 'CodeIgniter\Session\Handlers\FileHandler' driver.
INFO - 2023-05-25 14:09:05 --> Session: Class initialized using 'CodeIgniter\Session\Handlers\FileHandler' driver.
INFO - 2023-05-25 14:11:09 --> Session: Class initialized using 'CodeIgniter\Session\Handlers\FileHandler' driver.
INFO - 2023-05-25 14:13:19 --> Session: Class initialized using 'CodeIgniter\Session\Handlers\FileHandler' driver.
INFO - 2023-05-25 14:13:56 --> Session: Class initialized using 'CodeIgniter\Session\Handlers\FileHandler' driver.
INFO - 2023-05-25 14:14:04 --> Session: Class initialized using 'CodeIgniter\Session\Handlers\FileHandler' driver.
INFO - 2023-05-25 14:14:09 --> Session: Class initialized using 'CodeIgniter\Session\Handlers\FileHandler' driver.
INFO - 2023-05-25 14:14:48 --> Session: Class initialized using 'CodeIgniter\Session\Handlers\FileHandler' driver.
INFO - 2023-05-25 14:14:58 --> Session: Class initialized using 'CodeIgniter\Session\Handlers\FileHandler' driver.
INFO - 2023-05-25 14:27:28 --> Session: Class initialized using 'CodeIgniter\Session\Handlers\FileHandler' driver.
INFO - 2023-05-25 14:34:13 --> Session: Class initialized using 'CodeIgniter\Session\Handlers\FileHandler' driver.
INFO - 2023-05-25 15:01:19 --> Session: Class initialized using 'CodeIgniter\Session\Handlers\FileHandler' driver.
INFO - 2023-05-25 15:17:27 --> Session: Class initialized using 'CodeIgniter\Session\Handlers\FileHandler' driver.
INFO - 2023-05-25 15:17:56 --> Session: Class initialized using 'CodeIgniter\Session\Handlers\FileHandler' driver.
INFO - 2023-05-25 15:19:12 --> Session: Class initialized using 'CodeIgniter\Session\Handlers\FileHandler' driver.
INFO - 2023-05-25 15:19:18 --> Session: Class initialized using 'CodeIgniter\Session\Handlers\FileHandler' driver.
INFO - 2023-05-25 15:28:18 --> Session: Class initialized using 'CodeIgniter\Session\Handlers\FileHandler' driver.
INFO - 2023-05-25 15:28:25 --> Session: Class initialized using 'CodeIgniter\Session\Handlers\FileHandler' driver.
INFO - 2023-05-25 15:28:26 --> Session: Class initialized using 'CodeIgniter\Session\Handlers\FileHandler' driver.
INFO - 2023-05-25 15:28:59 --> Session: Class initialized using 'CodeIgniter\Session\Handlers\FileHandler' driver.
INFO - 2023-05-25 15:29:06 --> Session: Class initialized using 'CodeIgniter\Session\Handlers\FileHandler' driver.
CRITICAL - 2023-05-25 23:06:46 --> date_default_timezone_set(): Timezone ID 'l, d M' is invalid
in APPPATH\Views\home\v_home.php on line 18.
 1 [internal function]: CodeIgniter\Debug\Exceptions->errorHandler(8, 'date_default_timezone_set(): Timezone ID \'l, d M\' is invalid', 'APPPATH\\Views\\home\\v_home.php', 18)
 2 APPPATH\Views\home\v_home.php(18): date_default_timezone_set('l, d M')
 3 SYSTEMPATH\View\View.php(213): include('APPPATH\\Views\\home\\v_home.php')
 4 SYSTEMPATH\View\View.php(216): CodeIgniter\View\View->CodeIgniter\View\{closure}()
 5 SYSTEMPATH\Common.php(1177): CodeIgniter\View\View->render('home/v_home', [], true)
 6 APPPATH\Controllers\Home.php(30): view('home/v_home', [...])
 7 SYSTEMPATH\CodeIgniter.php(934): App\Controllers\Home->index()
 8 SYSTEMPATH\CodeIgniter.php(499): CodeIgniter\CodeIgniter->runController(Object(App\Controllers\Home))
 9 SYSTEMPATH\CodeIgniter.php(368): CodeIgniter\CodeIgniter->handleRequest(null, Object(Config\Cache), false)
10 FCPATH\index.php(67): CodeIgniter\CodeIgniter->run()
11 SYSTEMPATH\Commands\Server\rewrite.php(47): require_once('FCPATH\\index.php')
WARNING - 2023-05-25 23:08:25 --> [DEPRECATED] Function strftime() is deprecated in APPPATH\Views\home\v_home.php on line 18.
 1 SYSTEMPATH\View\View.php(213): include('APPPATH\\Views\\home\\v_home.php')
 2 SYSTEMPATH\View\View.php(216): CodeIgniter\View\View->CodeIgniter\View\{closure}()
 3 SYSTEMPATH\Common.php(1177): CodeIgniter\View\View->render('home/v_home', [], true)
 4 APPPATH\Controllers\Home.php(30): view('home/v_home', [...])
 5 SYSTEMPATH\CodeIgniter.php(934): App\Controllers\Home->index()
 6 SYSTEMPATH\CodeIgniter.php(499): CodeIgniter\CodeIgniter->runController(Object(App\Controllers\Home))
 7 SYSTEMPATH\CodeIgniter.php(368): CodeIgniter\CodeIgniter->handleRequest(null, Object(Config\Cache), false)
 8 FCPATH\index.php(67): CodeIgniter\CodeIgniter->run()
 9 SYSTEMPATH\Commands\Server\rewrite.php(47): require_once('FCPATH\\index.php')
WARNING - 2023-05-25 23:08:25 --> [DEPRECATED] Function strftime() is deprecated in APPPATH\Views\home\v_home.php on line 20.
 1 SYSTEMPATH\View\View.php(213): include('APPPATH\\Views\\home\\v_home.php')
 2 SYSTEMPATH\View\View.php(216): CodeIgniter\View\View->CodeIgniter\View\{closure}()
 3 SYSTEMPATH\Common.php(1177): CodeIgniter\View\View->render('home/v_home', [], true)
 4 APPPATH\Controllers\Home.php(30): view('home/v_home', [...])
 5 SYSTEMPATH\CodeIgniter.php(934): App\Controllers\Home->index()
 6 SYSTEMPATH\CodeIgniter.php(499): CodeIgniter\CodeIgniter->runController(Object(App\Controllers\Home))
 7 SYSTEMPATH\CodeIgniter.php(368): CodeIgniter\CodeIgniter->handleRequest(null, Object(Config\Cache), false)
 8 FCPATH\index.php(67): CodeIgniter\CodeIgniter->run()
 9 SYSTEMPATH\Commands\Server\rewrite.php(47): require_once('FCPATH\\index.php')
WARNING - 2023-05-25 23:08:37 --> [DEPRECATED] Function strftime() is deprecated in APPPATH\Views\home\v_home.php on line 18.
 1 SYSTEMPATH\View\View.php(213): include('APPPATH\\Views\\home\\v_home.php')
 2 SYSTEMPATH\View\View.php(216): CodeIgniter\View\View->CodeIgniter\View\{closure}()
 3 SYSTEMPATH\Common.php(1177): CodeIgniter\View\View->render('home/v_home', [], true)
 4 APPPATH\Controllers\Home.php(30): view('home/v_home', [...])
 5 SYSTEMPATH\CodeIgniter.php(934): App\Controllers\Home->index()
 6 SYSTEMPATH\CodeIgniter.php(499): CodeIgniter\CodeIgniter->runController(Object(App\Controllers\Home))
 7 SYSTEMPATH\CodeIgniter.php(368): CodeIgniter\CodeIgniter->handleRequest(null, Object(Config\Cache), false)
 8 FCPATH\index.php(67): CodeIgniter\CodeIgniter->run()
 9 SYSTEMPATH\Commands\Server\rewrite.php(47): require_once('FCPATH\\index.php')
WARNING - 2023-05-25 23:08:37 --> [DEPRECATED] Function strftime() is deprecated in APPPATH\Views\home\v_home.php on line 20.
 1 SYSTEMPATH\View\View.php(213): include('APPPATH\\Views\\home\\v_home.php')
 2 SYSTEMPATH\View\View.php(216): CodeIgniter\View\View->CodeIgniter\View\{closure}()
 3 SYSTEMPATH\Common.php(1177): CodeIgniter\View\View->render('home/v_home', [], true)
 4 APPPATH\Controllers\Home.php(30): view('home/v_home', [...])
 5 SYSTEMPATH\CodeIgniter.php(934): App\Controllers\Home->index()
 6 SYSTEMPATH\CodeIgniter.php(499): CodeIgniter\CodeIgniter->runController(Object(App\Controllers\Home))
 7 SYSTEMPATH\CodeIgniter.php(368): CodeIgniter\CodeIgniter->handleRequest(null, Object(Config\Cache), false)
 8 FCPATH\index.php(67): CodeIgniter\CodeIgniter->run()
 9 SYSTEMPATH\Commands\Server\rewrite.php(47): require_once('FCPATH\\index.php')
WARNING - 2023-05-25 23:08:42 --> [DEPRECATED] Function strftime() is deprecated in APPPATH\Views\home\v_home.php on line 18.
 1 SYSTEMPATH\View\View.php(213): include('APPPATH\\Views\\home\\v_home.php')
 2 SYSTEMPATH\View\View.php(216): CodeIgniter\View\View->CodeIgniter\View\{closure}()
 3 SYSTEMPATH\Common.php(1177): CodeIgniter\View\View->render('home/v_home', [], true)
 4 APPPATH\Controllers\Home.php(30): view('home/v_home', [...])
 5 SYSTEMPATH\CodeIgniter.php(934): App\Controllers\Home->index()
 6 SYSTEMPATH\CodeIgniter.php(499): CodeIgniter\CodeIgniter->runController(Object(App\Controllers\Home))
 7 SYSTEMPATH\CodeIgniter.php(368): CodeIgniter\CodeIgniter->handleRequest(null, Object(Config\Cache), false)
 8 FCPATH\index.php(67): CodeIgniter\CodeIgniter->run()
 9 SYSTEMPATH\Commands\Server\rewrite.php(47): require_once('FCPATH\\index.php')
WARNING - 2023-05-25 23:08:42 --> [DEPRECATED] Function strftime() is deprecated in APPPATH\Views\home\v_home.php on line 20.
 1 SYSTEMPATH\View\View.php(213): include('APPPATH\\Views\\home\\v_home.php')
 2 SYSTEMPATH\View\View.php(216): CodeIgniter\View\View->CodeIgniter\View\{closure}()
 3 SYSTEMPATH\Common.php(1177): CodeIgniter\View\View->render('home/v_home', [], true)
 4 APPPATH\Controllers\Home.php(30): view('home/v_home', [...])
 5 SYSTEMPATH\CodeIgniter.php(934): App\Controllers\Home->index()
 6 SYSTEMPATH\CodeIgniter.php(499): CodeIgniter\CodeIgniter->runController(Object(App\Controllers\Home))
 7 SYSTEMPATH\CodeIgniter.php(368): CodeIgniter\CodeIgniter->handleRequest(null, Object(Config\Cache), false)
 8 FCPATH\index.php(67): CodeIgniter\CodeIgniter->run()
 9 SYSTEMPATH\Commands\Server\rewrite.php(47): require_once('FCPATH\\index.php')
WARNING - 2023-05-25 23:08:43 --> [DEPRECATED] Function strftime() is deprecated in APPPATH\Views\home\v_home.php on line 18.
 1 SYSTEMPATH\View\View.php(213): include('APPPATH\\Views\\home\\v_home.php')
 2 SYSTEMPATH\View\View.php(216): CodeIgniter\View\View->CodeIgniter\View\{closure}()
 3 SYSTEMPATH\Common.php(1177): CodeIgniter\View\View->render('home/v_home', [], true)
 4 APPPATH\Controllers\Home.php(30): view('home/v_home', [...])
 5 SYSTEMPATH\CodeIgniter.php(934): App\Controllers\Home->index()
 6 SYSTEMPATH\CodeIgniter.php(499): CodeIgniter\CodeIgniter->runController(Object(App\Controllers\Home))
 7 SYSTEMPATH\CodeIgniter.php(368): CodeIgniter\CodeIgniter->handleRequest(null, Object(Config\Cache), false)
 8 FCPATH\index.php(67): CodeIgniter\CodeIgniter->run()
 9 SYSTEMPATH\Commands\Server\rewrite.php(47): require_once('FCPATH\\index.php')
WARNING - 2023-05-25 23:08:43 --> [DEPRECATED] Function strftime() is deprecated in APPPATH\Views\home\v_home.php on line 20.
 1 SYSTEMPATH\View\View.php(213): include('APPPATH\\Views\\home\\v_home.php')
 2 SYSTEMPATH\View\View.php(216): CodeIgniter\View\View->CodeIgniter\View\{closure}()
 3 SYSTEMPATH\Common.php(1177): CodeIgniter\View\View->render('home/v_home', [], true)
 4 APPPATH\Controllers\Home.php(30): view('home/v_home', [...])
 5 SYSTEMPATH\CodeIgniter.php(934): App\Controllers\Home->index()
 6 SYSTEMPATH\CodeIgniter.php(499): CodeIgniter\CodeIgniter->runController(Object(App\Controllers\Home))
 7 SYSTEMPATH\CodeIgniter.php(368): CodeIgniter\CodeIgniter->handleRequest(null, Object(Config\Cache), false)
 8 FCPATH\index.php(67): CodeIgniter\CodeIgniter->run()
 9 SYSTEMPATH\Commands\Server\rewrite.php(47): require_once('FCPATH\\index.php')
WARNING - 2023-05-25 23:08:45 --> [DEPRECATED] Function strftime() is deprecated in APPPATH\Views\home\v_home.php on line 18.
 1 SYSTEMPATH\View\View.php(213): include('APPPATH\\Views\\home\\v_home.php')
 2 SYSTEMPATH\View\View.php(216): CodeIgniter\View\View->CodeIgniter\View\{closure}()
 3 SYSTEMPATH\Common.php(1177): CodeIgniter\View\View->render('home/v_home', [], true)
 4 APPPATH\Controllers\Home.php(30): view('home/v_home', [...])
 5 SYSTEMPATH\CodeIgniter.php(934): App\Controllers\Home->index()
 6 SYSTEMPATH\CodeIgniter.php(499): CodeIgniter\CodeIgniter->runController(Object(App\Controllers\Home))
 7 SYSTEMPATH\CodeIgniter.php(368): CodeIgniter\CodeIgniter->handleRequest(null, Object(Config\Cache), false)
 8 FCPATH\index.php(67): CodeIgniter\CodeIgniter->run()
 9 SYSTEMPATH\Commands\Server\rewrite.php(47): require_once('FCPATH\\index.php')
WARNING - 2023-05-25 23:08:45 --> [DEPRECATED] Function strftime() is deprecated in APPPATH\Views\home\v_home.php on line 20.
 1 SYSTEMPATH\View\View.php(213): include('APPPATH\\Views\\home\\v_home.php')
 2 SYSTEMPATH\View\View.php(216): CodeIgniter\View\View->CodeIgniter\View\{closure}()
 3 SYSTEMPATH\Common.php(1177): CodeIgniter\View\View->render('home/v_home', [], true)
 4 APPPATH\Controllers\Home.php(30): view('home/v_home', [...])
 5 SYSTEMPATH\CodeIgniter.php(934): App\Controllers\Home->index()
 6 SYSTEMPATH\CodeIgniter.php(499): CodeIgniter\CodeIgniter->runController(Object(App\Controllers\Home))
 7 SYSTEMPATH\CodeIgniter.php(368): CodeIgniter\CodeIgniter->handleRequest(null, Object(Config\Cache), false)
 8 FCPATH\index.php(67): CodeIgniter\CodeIgniter->run()
 9 SYSTEMPATH\Commands\Server\rewrite.php(47): require_once('FCPATH\\index.php')
WARNING - 2023-05-25 23:08:46 --> [DEPRECATED] Function strftime() is deprecated in APPPATH\Views\home\v_home.php on line 18.
 1 SYSTEMPATH\View\View.php(213): include('APPPATH\\Views\\home\\v_home.php')
 2 SYSTEMPATH\View\View.php(216): CodeIgniter\View\View->CodeIgniter\View\{closure}()
 3 SYSTEMPATH\Common.php(1177): CodeIgniter\View\View->render('home/v_home', [], true)
 4 APPPATH\Controllers\Home.php(30): view('home/v_home', [...])
 5 SYSTEMPATH\CodeIgniter.php(934): App\Controllers\Home->index()
 6 SYSTEMPATH\CodeIgniter.php(499): CodeIgniter\CodeIgniter->runController(Object(App\Controllers\Home))
 7 SYSTEMPATH\CodeIgniter.php(368): CodeIgniter\CodeIgniter->handleRequest(null, Object(Config\Cache), false)
 8 FCPATH\index.php(67): CodeIgniter\CodeIgniter->run()
 9 SYSTEMPATH\Commands\Server\rewrite.php(47): require_once('FCPATH\\index.php')
WARNING - 2023-05-25 23:08:46 --> [DEPRECATED] Function strftime() is deprecated in APPPATH\Views\home\v_home.php on line 20.
 1 SYSTEMPATH\View\View.php(213): include('APPPATH\\Views\\home\\v_home.php')
 2 SYSTEMPATH\View\View.php(216): CodeIgniter\View\View->CodeIgniter\View\{closure}()
 3 SYSTEMPATH\Common.php(1177): CodeIgniter\View\View->render('home/v_home', [], true)
 4 APPPATH\Controllers\Home.php(30): view('home/v_home', [...])
 5 SYSTEMPATH\CodeIgniter.php(934): App\Controllers\Home->index()
 6 SYSTEMPATH\CodeIgniter.php(499): CodeIgniter\CodeIgniter->runController(Object(App\Controllers\Home))
 7 SYSTEMPATH\CodeIgniter.php(368): CodeIgniter\CodeIgniter->handleRequest(null, Object(Config\Cache), false)
 8 FCPATH\index.php(67): CodeIgniter\CodeIgniter->run()
 9 SYSTEMPATH\Commands\Server\rewrite.php(47): require_once('FCPATH\\index.php')
WARNING - 2023-05-25 23:08:59 --> [DEPRECATED] Function strftime() is deprecated in APPPATH\Views\home\v_home.php on line 18.
 1 SYSTEMPATH\View\View.php(213): include('APPPATH\\Views\\home\\v_home.php')
 2 SYSTEMPATH\View\View.php(216): CodeIgniter\View\View->CodeIgniter\View\{closure}()
 3 SYSTEMPATH\Common.php(1177): CodeIgniter\View\View->render('home/v_home', [], true)
 4 APPPATH\Controllers\Home.php(30): view('home/v_home', [...])
 5 SYSTEMPATH\CodeIgniter.php(934): App\Controllers\Home->index()
 6 SYSTEMPATH\CodeIgniter.php(499): CodeIgniter\CodeIgniter->runController(Object(App\Controllers\Home))
 7 SYSTEMPATH\CodeIgniter.php(368): CodeIgniter\CodeIgniter->handleRequest(null, Object(Config\Cache), false)
 8 FCPATH\index.php(67): CodeIgniter\CodeIgniter->run()
 9 SYSTEMPATH\Commands\Server\rewrite.php(47): require_once('FCPATH\\index.php')
WARNING - 2023-05-25 23:08:59 --> [DEPRECATED] Function strftime() is deprecated in APPPATH\Views\home\v_home.php on line 20.
 1 SYSTEMPATH\View\View.php(213): include('APPPATH\\Views\\home\\v_home.php')
 2 SYSTEMPATH\View\View.php(216): CodeIgniter\View\View->CodeIgniter\View\{closure}()
 3 SYSTEMPATH\Common.php(1177): CodeIgniter\View\View->render('home/v_home', [], true)
 4 APPPATH\Controllers\Home.php(30): view('home/v_home', [...])
 5 SYSTEMPATH\CodeIgniter.php(934): App\Controllers\Home->index()
 6 SYSTEMPATH\CodeIgniter.php(499): CodeIgniter\CodeIgniter->runController(Object(App\Controllers\Home))
 7 SYSTEMPATH\CodeIgniter.php(368): CodeIgniter\CodeIgniter->handleRequest(null, Object(Config\Cache), false)
 8 FCPATH\index.php(67): CodeIgniter\CodeIgniter->run()
 9 SYSTEMPATH\Commands\Server\rewrite.php(47): require_once('FCPATH\\index.php')
WARNING - 2023-05-25 23:09:00 --> [DEPRECATED] Function strftime() is deprecated in APPPATH\Views\home\v_home.php on line 18.
 1 SYSTEMPATH\View\View.php(213): include('APPPATH\\Views\\home\\v_home.php')
 2 SYSTEMPATH\View\View.php(216): CodeIgniter\View\View->CodeIgniter\View\{closure}()
 3 SYSTEMPATH\Common.php(1177): CodeIgniter\View\View->render('home/v_home', [], true)
 4 APPPATH\Controllers\Home.php(30): view('home/v_home', [...])
 5 SYSTEMPATH\CodeIgniter.php(934): App\Controllers\Home->index()
 6 SYSTEMPATH\CodeIgniter.php(499): CodeIgniter\CodeIgniter->runController(Object(App\Controllers\Home))
 7 SYSTEMPATH\CodeIgniter.php(368): CodeIgniter\CodeIgniter->handleRequest(null, Object(Config\Cache), false)
 8 FCPATH\index.php(67): CodeIgniter\CodeIgniter->run()
 9 SYSTEMPATH\Commands\Server\rewrite.php(47): require_once('FCPATH\\index.php')
WARNING - 2023-05-25 23:09:00 --> [DEPRECATED] Function strftime() is deprecated in APPPATH\Views\home\v_home.php on line 20.
 1 SYSTEMPATH\View\View.php(213): include('APPPATH\\Views\\home\\v_home.php')
 2 SYSTEMPATH\View\View.php(216): CodeIgniter\View\View->CodeIgniter\View\{closure}()
 3 SYSTEMPATH\Common.php(1177): CodeIgniter\View\View->render('home/v_home', [], true)
 4 APPPATH\Controllers\Home.php(30): view('home/v_home', [...])
 5 SYSTEMPATH\CodeIgniter.php(934): App\Controllers\Home->index()
 6 SYSTEMPATH\CodeIgniter.php(499): CodeIgniter\CodeIgniter->runController(Object(App\Controllers\Home))
 7 SYSTEMPATH\CodeIgniter.php(368): CodeIgniter\CodeIgniter->handleRequest(null, Object(Config\Cache), false)
 8 FCPATH\index.php(67): CodeIgniter\CodeIgniter->run()
 9 SYSTEMPATH\Commands\Server\rewrite.php(47): require_once('FCPATH\\index.php')
WARNING - 2023-05-25 23:09:02 --> [DEPRECATED] Function strftime() is deprecated in APPPATH\Views\home\v_home.php on line 18.
 1 SYSTEMPATH\View\View.php(213): include('APPPATH\\Views\\home\\v_home.php')
 2 SYSTEMPATH\View\View.php(216): CodeIgniter\View\View->CodeIgniter\View\{closure}()
 3 SYSTEMPATH\Common.php(1177): CodeIgniter\View\View->render('home/v_home', [], true)
 4 APPPATH\Controllers\Home.php(30): view('home/v_home', [...])
 5 SYSTEMPATH\CodeIgniter.php(934): App\Controllers\Home->index()
 6 SYSTEMPATH\CodeIgniter.php(499): CodeIgniter\CodeIgniter->runController(Object(App\Controllers\Home))
 7 SYSTEMPATH\CodeIgniter.php(368): CodeIgniter\CodeIgniter->handleRequest(null, Object(Config\Cache), false)
 8 FCPATH\index.php(67): CodeIgniter\CodeIgniter->run()
 9 SYSTEMPATH\Commands\Server\rewrite.php(47): require_once('FCPATH\\index.php')
WARNING - 2023-05-25 23:09:02 --> [DEPRECATED] Function strftime() is deprecated in APPPATH\Views\home\v_home.php on line 20.
 1 SYSTEMPATH\View\View.php(213): include('APPPATH\\Views\\home\\v_home.php')
 2 SYSTEMPATH\View\View.php(216): CodeIgniter\View\View->CodeIgniter\View\{closure}()
 3 SYSTEMPATH\Common.php(1177): CodeIgniter\View\View->render('home/v_home', [], true)
 4 APPPATH\Controllers\Home.php(30): view('home/v_home', [...])
 5 SYSTEMPATH\CodeIgniter.php(934): App\Controllers\Home->index()
 6 SYSTEMPATH\CodeIgniter.php(499): CodeIgniter\CodeIgniter->runController(Object(App\Controllers\Home))
 7 SYSTEMPATH\CodeIgniter.php(368): CodeIgniter\CodeIgniter->handleRequest(null, Object(Config\Cache), false)
 8 FCPATH\index.php(67): CodeIgniter\CodeIgniter->run()
 9 SYSTEMPATH\Commands\Server\rewrite.php(47): require_once('FCPATH\\index.php')
WARNING - 2023-05-25 23:09:03 --> [DEPRECATED] Function strftime() is deprecated in APPPATH\Views\home\v_home.php on line 18.
 1 SYSTEMPATH\View\View.php(213): include('APPPATH\\Views\\home\\v_home.php')
 2 SYSTEMPATH\View\View.php(216): CodeIgniter\View\View->CodeIgniter\View\{closure}()
 3 SYSTEMPATH\Common.php(1177): CodeIgniter\View\View->render('home/v_home', [], true)
 4 APPPATH\Controllers\Home.php(30): view('home/v_home', [...])
 5 SYSTEMPATH\CodeIgniter.php(934): App\Controllers\Home->index()
 6 SYSTEMPATH\CodeIgniter.php(499): CodeIgniter\CodeIgniter->runController(Object(App\Controllers\Home))
 7 SYSTEMPATH\CodeIgniter.php(368): CodeIgniter\CodeIgniter->handleRequest(null, Object(Config\Cache), false)
 8 FCPATH\index.php(67): CodeIgniter\CodeIgniter->run()
 9 SYSTEMPATH\Commands\Server\rewrite.php(47): require_once('FCPATH\\index.php')
WARNING - 2023-05-25 23:09:03 --> [DEPRECATED] Function strftime() is deprecated in APPPATH\Views\home\v_home.php on line 20.
 1 SYSTEMPATH\View\View.php(213): include('APPPATH\\Views\\home\\v_home.php')
 2 SYSTEMPATH\View\View.php(216): CodeIgniter\View\View->CodeIgniter\View\{closure}()
 3 SYSTEMPATH\Common.php(1177): CodeIgniter\View\View->render('home/v_home', [], true)
 4 APPPATH\Controllers\Home.php(30): view('home/v_home', [...])
 5 SYSTEMPATH\CodeIgniter.php(934): App\Controllers\Home->index()
 6 SYSTEMPATH\CodeIgniter.php(499): CodeIgniter\CodeIgniter->runController(Object(App\Controllers\Home))
 7 SYSTEMPATH\CodeIgniter.php(368): CodeIgniter\CodeIgniter->handleRequest(null, Object(Config\Cache), false)
 8 FCPATH\index.php(67): CodeIgniter\CodeIgniter->run()
 9 SYSTEMPATH\Commands\Server\rewrite.php(47): require_once('FCPATH\\index.php')
WARNING - 2023-05-25 23:09:21 --> [DEPRECATED] Function strftime() is deprecated in APPPATH\Views\home\v_home.php on line 18.
 1 SYSTEMPATH\View\View.php(213): include('APPPATH\\Views\\home\\v_home.php')
 2 SYSTEMPATH\View\View.php(216): CodeIgniter\View\View->CodeIgniter\View\{closure}()
 3 SYSTEMPATH\Common.php(1177): CodeIgniter\View\View->render('home/v_home', [], true)
 4 APPPATH\Controllers\Home.php(30): view('home/v_home', [...])
 5 SYSTEMPATH\CodeIgniter.php(934): App\Controllers\Home->index()
 6 SYSTEMPATH\CodeIgniter.php(499): CodeIgniter\CodeIgniter->runController(Object(App\Controllers\Home))
 7 SYSTEMPATH\CodeIgniter.php(368): CodeIgniter\CodeIgniter->handleRequest(null, Object(Config\Cache), false)
 8 FCPATH\index.php(67): CodeIgniter\CodeIgniter->run()
 9 SYSTEMPATH\Commands\Server\rewrite.php(47): require_once('FCPATH\\index.php')
WARNING - 2023-05-25 23:09:21 --> [DEPRECATED] Function strftime() is deprecated in APPPATH\Views\home\v_home.php on line 20.
 1 SYSTEMPATH\View\View.php(213): include('APPPATH\\Views\\home\\v_home.php')
 2 SYSTEMPATH\View\View.php(216): CodeIgniter\View\View->CodeIgniter\View\{closure}()
 3 SYSTEMPATH\Common.php(1177): CodeIgniter\View\View->render('home/v_home', [], true)
 4 APPPATH\Controllers\Home.php(30): view('home/v_home', [...])
 5 SYSTEMPATH\CodeIgniter.php(934): App\Controllers\Home->index()
 6 SYSTEMPATH\CodeIgniter.php(499): CodeIgniter\CodeIgniter->runController(Object(App\Controllers\Home))
 7 SYSTEMPATH\CodeIgniter.php(368): CodeIgniter\CodeIgniter->handleRequest(null, Object(Config\Cache), false)
 8 FCPATH\index.php(67): CodeIgniter\CodeIgniter->run()
 9 SYSTEMPATH\Commands\Server\rewrite.php(47): require_once('FCPATH\\index.php')
WARNING - 2023-05-25 23:09:23 --> [DEPRECATED] Function strftime() is deprecated in APPPATH\Views\home\v_home.php on line 18.
 1 SYSTEMPATH\View\View.php(213): include('APPPATH\\Views\\home\\v_home.php')
 2 SYSTEMPATH\View\View.php(216): CodeIgniter\View\View->CodeIgniter\View\{closure}()
 3 SYSTEMPATH\Common.php(1177): CodeIgniter\View\View->render('home/v_home', [], true)
 4 APPPATH\Controllers\Home.php(30): view('home/v_home', [...])
 5 SYSTEMPATH\CodeIgniter.php(934): App\Controllers\Home->index()
 6 SYSTEMPATH\CodeIgniter.php(499): CodeIgniter\CodeIgniter->runController(Object(App\Controllers\Home))
 7 SYSTEMPATH\CodeIgniter.php(368): CodeIgniter\CodeIgniter->handleRequest(null, Object(Config\Cache), false)
 8 FCPATH\index.php(67): CodeIgniter\CodeIgniter->run()
 9 SYSTEMPATH\Commands\Server\rewrite.php(47): require_once('FCPATH\\index.php')
WARNING - 2023-05-25 23:09:23 --> [DEPRECATED] Function strftime() is deprecated in APPPATH\Views\home\v_home.php on line 20.
 1 SYSTEMPATH\View\View.php(213): include('APPPATH\\Views\\home\\v_home.php')
 2 SYSTEMPATH\View\View.php(216): CodeIgniter\View\View->CodeIgniter\View\{closure}()
 3 SYSTEMPATH\Common.php(1177): CodeIgniter\View\View->render('home/v_home', [], true)
 4 APPPATH\Controllers\Home.php(30): view('home/v_home', [...])
 5 SYSTEMPATH\CodeIgniter.php(934): App\Controllers\Home->index()
 6 SYSTEMPATH\CodeIgniter.php(499): CodeIgniter\CodeIgniter->runController(Object(App\Controllers\Home))
 7 SYSTEMPATH\CodeIgniter.php(368): CodeIgniter\CodeIgniter->handleRequest(null, Object(Config\Cache), false)
 8 FCPATH\index.php(67): CodeIgniter\CodeIgniter->run()
 9 SYSTEMPATH\Commands\Server\rewrite.php(47): require_once('FCPATH\\index.php')
WARNING - 2023-05-25 23:09:26 --> [DEPRECATED] Function strftime() is deprecated in APPPATH\Views\home\v_home.php on line 18.
 1 SYSTEMPATH\View\View.php(213): include('APPPATH\\Views\\home\\v_home.php')
 2 SYSTEMPATH\View\View.php(216): CodeIgniter\View\View->CodeIgniter\View\{closure}()
 3 SYSTEMPATH\Common.php(1177): CodeIgniter\View\View->render('home/v_home', [], true)
 4 APPPATH\Controllers\Home.php(30): view('home/v_home', [...])
 5 SYSTEMPATH\CodeIgniter.php(934): App\Controllers\Home->index()
 6 SYSTEMPATH\CodeIgniter.php(499): CodeIgniter\CodeIgniter->runController(Object(App\Controllers\Home))
 7 SYSTEMPATH\CodeIgniter.php(368): CodeIgniter\CodeIgniter->handleRequest(null, Object(Config\Cache), false)
 8 FCPATH\index.php(67): CodeIgniter\CodeIgniter->run()
 9 SYSTEMPATH\Commands\Server\rewrite.php(47): require_once('FCPATH\\index.php')
WARNING - 2023-05-25 23:09:26 --> [DEPRECATED] Function strftime() is deprecated in APPPATH\Views\home\v_home.php on line 20.
 1 SYSTEMPATH\View\View.php(213): include('APPPATH\\Views\\home\\v_home.php')
 2 SYSTEMPATH\View\View.php(216): CodeIgniter\View\View->CodeIgniter\View\{closure}()
 3 SYSTEMPATH\Common.php(1177): CodeIgniter\View\View->render('home/v_home', [], true)
 4 APPPATH\Controllers\Home.php(30): view('home/v_home', [...])
 5 SYSTEMPATH\CodeIgniter.php(934): App\Controllers\Home->index()
 6 SYSTEMPATH\CodeIgniter.php(499): CodeIgniter\CodeIgniter->runController(Object(App\Controllers\Home))
 7 SYSTEMPATH\CodeIgniter.php(368): CodeIgniter\CodeIgniter->handleRequest(null, Object(Config\Cache), false)
 8 FCPATH\index.php(67): CodeIgniter\CodeIgniter->run()
 9 SYSTEMPATH\Commands\Server\rewrite.php(47): require_once('FCPATH\\index.php')
WARNING - 2023-05-25 23:09:29 --> [DEPRECATED] Function strftime() is deprecated in APPPATH\Views\home\v_home.php on line 18.
 1 SYSTEMPATH\View\View.php(213): include('APPPATH\\Views\\home\\v_home.php')
 2 SYSTEMPATH\View\View.php(216): CodeIgniter\View\View->CodeIgniter\View\{closure}()
 3 SYSTEMPATH\Common.php(1177): CodeIgniter\View\View->render('home/v_home', [], true)
 4 APPPATH\Controllers\Home.php(30): view('home/v_home', [...])
 5 SYSTEMPATH\CodeIgniter.php(934): App\Controllers\Home->index()
 6 SYSTEMPATH\CodeIgniter.php(499): CodeIgniter\CodeIgniter->runController(Object(App\Controllers\Home))
 7 SYSTEMPATH\CodeIgniter.php(368): CodeIgniter\CodeIgniter->handleRequest(null, Object(Config\Cache), false)
 8 FCPATH\index.php(67): CodeIgniter\CodeIgniter->run()
 9 SYSTEMPATH\Commands\Server\rewrite.php(47): require_once('FCPATH\\index.php')
WARNING - 2023-05-25 23:09:29 --> [DEPRECATED] Function strftime() is deprecated in APPPATH\Views\home\v_home.php on line 20.
 1 SYSTEMPATH\View\View.php(213): include('APPPATH\\Views\\home\\v_home.php')
 2 SYSTEMPATH\View\View.php(216): CodeIgniter\View\View->CodeIgniter\View\{closure}()
 3 SYSTEMPATH\Common.php(1177): CodeIgniter\View\View->render('home/v_home', [], true)
 4 APPPATH\Controllers\Home.php(30): view('home/v_home', [...])
 5 SYSTEMPATH\CodeIgniter.php(934): App\Controllers\Home->index()
 6 SYSTEMPATH\CodeIgniter.php(499): CodeIgniter\CodeIgniter->runController(Object(App\Controllers\Home))
 7 SYSTEMPATH\CodeIgniter.php(368): CodeIgniter\CodeIgniter->handleRequest(null, Object(Config\Cache), false)
 8 FCPATH\index.php(67): CodeIgniter\CodeIgniter->run()
 9 SYSTEMPATH\Commands\Server\rewrite.php(47): require_once('FCPATH\\index.php')
WARNING - 2023-05-25 23:09:31 --> [DEPRECATED] Function strftime() is deprecated in APPPATH\Views\home\v_home.php on line 18.
 1 SYSTEMPATH\View\View.php(213): include('APPPATH\\Views\\home\\v_home.php')
 2 SYSTEMPATH\View\View.php(216): CodeIgniter\View\View->CodeIgniter\View\{closure}()
 3 SYSTEMPATH\Common.php(1177): CodeIgniter\View\View->render('home/v_home', [], true)
 4 APPPATH\Controllers\Home.php(30): view('home/v_home', [...])
 5 SYSTEMPATH\CodeIgniter.php(934): App\Controllers\Home->index()
 6 SYSTEMPATH\CodeIgniter.php(499): CodeIgniter\CodeIgniter->runController(Object(App\Controllers\Home))
 7 SYSTEMPATH\CodeIgniter.php(368): CodeIgniter\CodeIgniter->handleRequest(null, Object(Config\Cache), false)
 8 FCPATH\index.php(67): CodeIgniter\CodeIgniter->run()
 9 SYSTEMPATH\Commands\Server\rewrite.php(47): require_once('FCPATH\\index.php')
WARNING - 2023-05-25 23:09:31 --> [DEPRECATED] Function strftime() is deprecated in APPPATH\Views\home\v_home.php on line 20.
 1 SYSTEMPATH\View\View.php(213): include('APPPATH\\Views\\home\\v_home.php')
 2 SYSTEMPATH\View\View.php(216): CodeIgniter\View\View->CodeIgniter\View\{closure}()
 3 SYSTEMPATH\Common.php(1177): CodeIgniter\View\View->render('home/v_home', [], true)
 4 APPPATH\Controllers\Home.php(30): view('home/v_home', [...])
 5 SYSTEMPATH\CodeIgniter.php(934): App\Controllers\Home->index()
 6 SYSTEMPATH\CodeIgniter.php(499): CodeIgniter\CodeIgniter->runController(Object(App\Controllers\Home))
 7 SYSTEMPATH\CodeIgniter.php(368): CodeIgniter\CodeIgniter->handleRequest(null, Object(Config\Cache), false)
 8 FCPATH\index.php(67): CodeIgniter\CodeIgniter->run()
 9 SYSTEMPATH\Commands\Server\rewrite.php(47): require_once('FCPATH\\index.php')
WARNING - 2023-05-25 23:09:34 --> [DEPRECATED] Function strftime() is deprecated in APPPATH\Views\home\v_home.php on line 18.
 1 SYSTEMPATH\View\View.php(213): include('APPPATH\\Views\\home\\v_home.php')
 2 SYSTEMPATH\View\View.php(216): CodeIgniter\View\View->CodeIgniter\View\{closure}()
 3 SYSTEMPATH\Common.php(1177): CodeIgniter\View\View->render('home/v_home', [], true)
 4 APPPATH\Controllers\Home.php(30): view('home/v_home', [...])
 5 SYSTEMPATH\CodeIgniter.php(934): App\Controllers\Home->index()
 6 SYSTEMPATH\CodeIgniter.php(499): CodeIgniter\CodeIgniter->runController(Object(App\Controllers\Home))
 7 SYSTEMPATH\CodeIgniter.php(368): CodeIgniter\CodeIgniter->handleRequest(null, Object(Config\Cache), false)
 8 FCPATH\index.php(67): CodeIgniter\CodeIgniter->run()
 9 SYSTEMPATH\Commands\Server\rewrite.php(47): require_once('FCPATH\\index.php')
WARNING - 2023-05-25 23:09:34 --> [DEPRECATED] Function strftime() is deprecated in APPPATH\Views\home\v_home.php on line 20.
 1 SYSTEMPATH\View\View.php(213): include('APPPATH\\Views\\home\\v_home.php')
 2 SYSTEMPATH\View\View.php(216): CodeIgniter\View\View->CodeIgniter\View\{closure}()
 3 SYSTEMPATH\Common.php(1177): CodeIgniter\View\View->render('home/v_home', [], true)
 4 APPPATH\Controllers\Home.php(30): view('home/v_home', [...])
 5 SYSTEMPATH\CodeIgniter.php(934): App\Controllers\Home->index()
 6 SYSTEMPATH\CodeIgniter.php(499): CodeIgniter\CodeIgniter->runController(Object(App\Controllers\Home))
 7 SYSTEMPATH\CodeIgniter.php(368): CodeIgniter\CodeIgniter->handleRequest(null, Object(Config\Cache), false)
 8 FCPATH\index.php(67): CodeIgniter\CodeIgniter->run()
 9 SYSTEMPATH\Commands\Server\rewrite.php(47): require_once('FCPATH\\index.php')
WARNING - 2023-05-25 23:09:40 --> [DEPRECATED] Function strftime() is deprecated in APPPATH\Views\home\v_home.php on line 18.
 1 SYSTEMPATH\View\View.php(213): include('APPPATH\\Views\\home\\v_home.php')
 2 SYSTEMPATH\View\View.php(216): CodeIgniter\View\View->CodeIgniter\View\{closure}()
 3 SYSTEMPATH\Common.php(1177): CodeIgniter\View\View->render('home/v_home', [], true)
 4 APPPATH\Controllers\Home.php(30): view('home/v_home', [...])
 5 SYSTEMPATH\CodeIgniter.php(934): App\Controllers\Home->index()
 6 SYSTEMPATH\CodeIgniter.php(499): CodeIgniter\CodeIgniter->runController(Object(App\Controllers\Home))
 7 SYSTEMPATH\CodeIgniter.php(368): CodeIgniter\CodeIgniter->handleRequest(null, Object(Config\Cache), false)
 8 FCPATH\index.php(67): CodeIgniter\CodeIgniter->run()
 9 SYSTEMPATH\Commands\Server\rewrite.php(47): require_once('FCPATH\\index.php')
WARNING - 2023-05-25 23:09:40 --> [DEPRECATED] Function strftime() is deprecated in APPPATH\Views\home\v_home.php on line 20.
 1 SYSTEMPATH\View\View.php(213): include('APPPATH\\Views\\home\\v_home.php')
 2 SYSTEMPATH\View\View.php(216): CodeIgniter\View\View->CodeIgniter\View\{closure}()
 3 SYSTEMPATH\Common.php(1177): CodeIgniter\View\View->render('home/v_home', [], true)
 4 APPPATH\Controllers\Home.php(30): view('home/v_home', [...])
 5 SYSTEMPATH\CodeIgniter.php(934): App\Controllers\Home->index()
 6 SYSTEMPATH\CodeIgniter.php(499): CodeIgniter\CodeIgniter->runController(Object(App\Controllers\Home))
 7 SYSTEMPATH\CodeIgniter.php(368): CodeIgniter\CodeIgniter->handleRequest(null, Object(Config\Cache), false)
 8 FCPATH\index.php(67): CodeIgniter\CodeIgniter->run()
 9 SYSTEMPATH\Commands\Server\rewrite.php(47): require_once('FCPATH\\index.php')
WARNING - 2023-05-25 23:10:06 --> [DEPRECATED] Function strftime() is deprecated in APPPATH\Views\home\v_home.php on line 18.
 1 SYSTEMPATH\View\View.php(213): include('APPPATH\\Views\\home\\v_home.php')
 2 SYSTEMPATH\View\View.php(216): CodeIgniter\View\View->CodeIgniter\View\{closure}()
 3 SYSTEMPATH\Common.php(1177): CodeIgniter\View\View->render('home/v_home', [], true)
 4 APPPATH\Controllers\Home.php(30): view('home/v_home', [...])
 5 SYSTEMPATH\CodeIgniter.php(934): App\Controllers\Home->index()
 6 SYSTEMPATH\CodeIgniter.php(499): CodeIgniter\CodeIgniter->runController(Object(App\Controllers\Home))
 7 SYSTEMPATH\CodeIgniter.php(368): CodeIgniter\CodeIgniter->handleRequest(null, Object(Config\Cache), false)
 8 FCPATH\index.php(67): CodeIgniter\CodeIgniter->run()
 9 SYSTEMPATH\Commands\Server\rewrite.php(47): require_once('FCPATH\\index.php')
WARNING - 2023-05-25 23:10:06 --> [DEPRECATED] Function strftime() is deprecated in APPPATH\Views\home\v_home.php on line 20.
 1 SYSTEMPATH\View\View.php(213): include('APPPATH\\Views\\home\\v_home.php')
 2 SYSTEMPATH\View\View.php(216): CodeIgniter\View\View->CodeIgniter\View\{closure}()
 3 SYSTEMPATH\Common.php(1177): CodeIgniter\View\View->render('home/v_home', [], true)
 4 APPPATH\Controllers\Home.php(30): view('home/v_home', [...])
 5 SYSTEMPATH\CodeIgniter.php(934): App\Controllers\Home->index()
 6 SYSTEMPATH\CodeIgniter.php(499): CodeIgniter\CodeIgniter->runController(Object(App\Controllers\Home))
 7 SYSTEMPATH\CodeIgniter.php(368): CodeIgniter\CodeIgniter->handleRequest(null, Object(Config\Cache), false)
 8 FCPATH\index.php(67): CodeIgniter\CodeIgniter->run()
 9 SYSTEMPATH\Commands\Server\rewrite.php(47): require_once('FCPATH\\index.php')
WARNING - 2023-05-25 23:10:35 --> [DEPRECATED] Function strftime() is deprecated in APPPATH\Views\home\v_home.php on line 18.
 1 SYSTEMPATH\View\View.php(213): include('APPPATH\\Views\\home\\v_home.php')
 2 SYSTEMPATH\View\View.php(216): CodeIgniter\View\View->CodeIgniter\View\{closure}()
 3 SYSTEMPATH\Common.php(1177): CodeIgniter\View\View->render('home/v_home', [], true)
 4 APPPATH\Controllers\Home.php(30): view('home/v_home', [...])
 5 SYSTEMPATH\CodeIgniter.php(934): App\Controllers\Home->index()
 6 SYSTEMPATH\CodeIgniter.php(499): CodeIgniter\CodeIgniter->runController(Object(App\Controllers\Home))
 7 SYSTEMPATH\CodeIgniter.php(368): CodeIgniter\CodeIgniter->handleRequest(null, Object(Config\Cache), false)
 8 FCPATH\index.php(67): CodeIgniter\CodeIgniter->run()
 9 SYSTEMPATH\Commands\Server\rewrite.php(47): require_once('FCPATH\\index.php')
WARNING - 2023-05-25 23:10:35 --> [DEPRECATED] Function strftime() is deprecated in APPPATH\Views\home\v_home.php on line 20.
 1 SYSTEMPATH\View\View.php(213): include('APPPATH\\Views\\home\\v_home.php')
 2 SYSTEMPATH\View\View.php(216): CodeIgniter\View\View->CodeIgniter\View\{closure}()
 3 SYSTEMPATH\Common.php(1177): CodeIgniter\View\View->render('home/v_home', [], true)
 4 APPPATH\Controllers\Home.php(30): view('home/v_home', [...])
 5 SYSTEMPATH\CodeIgniter.php(934): App\Controllers\Home->index()
 6 SYSTEMPATH\CodeIgniter.php(499): CodeIgniter\CodeIgniter->runController(Object(App\Controllers\Home))
 7 SYSTEMPATH\CodeIgniter.php(368): CodeIgniter\CodeIgniter->handleRequest(null, Object(Config\Cache), false)
 8 FCPATH\index.php(67): CodeIgniter\CodeIgniter->run()
 9 SYSTEMPATH\Commands\Server\rewrite.php(47): require_once('FCPATH\\index.php')
WARNING - 2023-05-25 23:10:52 --> [DEPRECATED] Function strftime() is deprecated in APPPATH\Views\home\v_home.php on line 18.
 1 SYSTEMPATH\View\View.php(213): include('APPPATH\\Views\\home\\v_home.php')
 2 SYSTEMPATH\View\View.php(216): CodeIgniter\View\View->CodeIgniter\View\{closure}()
 3 SYSTEMPATH\Common.php(1177): CodeIgniter\View\View->render('home/v_home', [], true)
 4 APPPATH\Controllers\Home.php(30): view('home/v_home', [...])
 5 SYSTEMPATH\CodeIgniter.php(934): App\Controllers\Home->index()
 6 SYSTEMPATH\CodeIgniter.php(499): CodeIgniter\CodeIgniter->runController(Object(App\Controllers\Home))
 7 SYSTEMPATH\CodeIgniter.php(368): CodeIgniter\CodeIgniter->handleRequest(null, Object(Config\Cache), false)
 8 FCPATH\index.php(67): CodeIgniter\CodeIgniter->run()
 9 SYSTEMPATH\Commands\Server\rewrite.php(47): require_once('FCPATH\\index.php')
WARNING - 2023-05-25 23:10:52 --> [DEPRECATED] Function strftime() is deprecated in APPPATH\Views\home\v_home.php on line 20.
 1 SYSTEMPATH\View\View.php(213): include('APPPATH\\Views\\home\\v_home.php')
 2 SYSTEMPATH\View\View.php(216): CodeIgniter\View\View->CodeIgniter\View\{closure}()
 3 SYSTEMPATH\Common.php(1177): CodeIgniter\View\View->render('home/v_home', [], true)
 4 APPPATH\Controllers\Home.php(30): view('home/v_home', [...])
 5 SYSTEMPATH\CodeIgniter.php(934): App\Controllers\Home->index()
 6 SYSTEMPATH\CodeIgniter.php(499): CodeIgniter\CodeIgniter->runController(Object(App\Controllers\Home))
 7 SYSTEMPATH\CodeIgniter.php(368): CodeIgniter\CodeIgniter->handleRequest(null, Object(Config\Cache), false)
 8 FCPATH\index.php(67): CodeIgniter\CodeIgniter->run()
 9 SYSTEMPATH\Commands\Server\rewrite.php(47): require_once('FCPATH\\index.php')
WARNING - 2023-05-25 23:12:00 --> [DEPRECATED] Function strftime() is deprecated in APPPATH\Views\home\v_home.php on line 18.
 1 SYSTEMPATH\View\View.php(213): include('APPPATH\\Views\\home\\v_home.php')
 2 SYSTEMPATH\View\View.php(216): CodeIgniter\View\View->CodeIgniter\View\{closure}()
 3 SYSTEMPATH\Common.php(1177): CodeIgniter\View\View->render('home/v_home', [], true)
 4 APPPATH\Controllers\Home.php(30): view('home/v_home', [...])
 5 SYSTEMPATH\CodeIgniter.php(934): App\Controllers\Home->index()
 6 SYSTEMPATH\CodeIgniter.php(499): CodeIgniter\CodeIgniter->runController(Object(App\Controllers\Home))
 7 SYSTEMPATH\CodeIgniter.php(368): CodeIgniter\CodeIgniter->handleRequest(null, Object(Config\Cache), false)
 8 FCPATH\index.php(67): CodeIgniter\CodeIgniter->run()
 9 SYSTEMPATH\Commands\Server\rewrite.php(47): require_once('FCPATH\\index.php')
WARNING - 2023-05-25 23:12:00 --> [DEPRECATED] Function strftime() is deprecated in APPPATH\Views\home\v_home.php on line 20.
 1 SYSTEMPATH\View\View.php(213): include('APPPATH\\Views\\home\\v_home.php')
 2 SYSTEMPATH\View\View.php(216): CodeIgniter\View\View->CodeIgniter\View\{closure}()
 3 SYSTEMPATH\Common.php(1177): CodeIgniter\View\View->render('home/v_home', [], true)
 4 APPPATH\Controllers\Home.php(30): view('home/v_home', [...])
 5 SYSTEMPATH\CodeIgniter.php(934): App\Controllers\Home->index()
 6 SYSTEMPATH\CodeIgniter.php(499): CodeIgniter\CodeIgniter->runController(Object(App\Controllers\Home))
 7 SYSTEMPATH\CodeIgniter.php(368): CodeIgniter\CodeIgniter->handleRequest(null, Object(Config\Cache), false)
 8 FCPATH\index.php(67): CodeIgniter\CodeIgniter->run()
 9 SYSTEMPATH\Commands\Server\rewrite.php(47): require_once('FCPATH\\index.php')
WARNING - 2023-05-25 23:12:12 --> [DEPRECATED] Function strftime() is deprecated in APPPATH\Views\home\v_home.php on line 18.
 1 SYSTEMPATH\View\View.php(213): include('APPPATH\\Views\\home\\v_home.php')
 2 SYSTEMPATH\View\View.php(216): CodeIgniter\View\View->CodeIgniter\View\{closure}()
 3 SYSTEMPATH\Common.php(1177): CodeIgniter\View\View->render('home/v_home', [], true)
 4 APPPATH\Controllers\Home.php(30): view('home/v_home', [...])
 5 SYSTEMPATH\CodeIgniter.php(934): App\Controllers\Home->index()
 6 SYSTEMPATH\CodeIgniter.php(499): CodeIgniter\CodeIgniter->runController(Object(App\Controllers\Home))
 7 SYSTEMPATH\CodeIgniter.php(368): CodeIgniter\CodeIgniter->handleRequest(null, Object(Config\Cache), false)
 8 FCPATH\index.php(67): CodeIgniter\CodeIgniter->run()
 9 SYSTEMPATH\Commands\Server\rewrite.php(47): require_once('FCPATH\\index.php')
WARNING - 2023-05-25 23:12:12 --> [DEPRECATED] Function strftime() is deprecated in APPPATH\Views\home\v_home.php on line 20.
 1 SYSTEMPATH\View\View.php(213): include('APPPATH\\Views\\home\\v_home.php')
 2 SYSTEMPATH\View\View.php(216): CodeIgniter\View\View->CodeIgniter\View\{closure}()
 3 SYSTEMPATH\Common.php(1177): CodeIgniter\View\View->render('home/v_home', [], true)
 4 APPPATH\Controllers\Home.php(30): view('home/v_home', [...])
 5 SYSTEMPATH\CodeIgniter.php(934): App\Controllers\Home->index()
 6 SYSTEMPATH\CodeIgniter.php(499): CodeIgniter\CodeIgniter->runController(Object(App\Controllers\Home))
 7 SYSTEMPATH\CodeIgniter.php(368): CodeIgniter\CodeIgniter->handleRequest(null, Object(Config\Cache), false)
 8 FCPATH\index.php(67): CodeIgniter\CodeIgniter->run()
 9 SYSTEMPATH\Commands\Server\rewrite.php(47): require_once('FCPATH\\index.php')
WARNING - 2023-05-25 16:35:00 --> [DEPRECATED] Function strftime() is deprecated in APPPATH\Views\home\v_home.php on line 17.
 1 SYSTEMPATH\View\View.php(213): include('APPPATH\\Views\\home\\v_home.php')
 2 SYSTEMPATH\View\View.php(216): CodeIgniter\View\View->CodeIgniter\View\{closure}()
 3 SYSTEMPATH\Common.php(1177): CodeIgniter\View\View->render('home/v_home', [], true)
 4 APPPATH\Controllers\Home.php(30): view('home/v_home', [...])
 5 SYSTEMPATH\CodeIgniter.php(934): App\Controllers\Home->index()
 6 SYSTEMPATH\CodeIgniter.php(499): CodeIgniter\CodeIgniter->runController(Object(App\Controllers\Home))
 7 SYSTEMPATH\CodeIgniter.php(368): CodeIgniter\CodeIgniter->handleRequest(null, Object(Config\Cache), false)
 8 FCPATH\index.php(67): CodeIgniter\CodeIgniter->run()
 9 SYSTEMPATH\Commands\Server\rewrite.php(47): require_once('FCPATH\\index.php')
WARNING - 2023-05-25 16:35:00 --> [DEPRECATED] Function strftime() is deprecated in APPPATH\Views\home\v_home.php on line 18.
 1 SYSTEMPATH\View\View.php(213): include('APPPATH\\Views\\home\\v_home.php')
 2 SYSTEMPATH\View\View.php(216): CodeIgniter\View\View->CodeIgniter\View\{closure}()
 3 SYSTEMPATH\Common.php(1177): CodeIgniter\View\View->render('home/v_home', [], true)
 4 APPPATH\Controllers\Home.php(30): view('home/v_home', [...])
 5 SYSTEMPATH\CodeIgniter.php(934): App\Controllers\Home->index()
 6 SYSTEMPATH\CodeIgniter.php(499): CodeIgniter\CodeIgniter->runController(Object(App\Controllers\Home))
 7 SYSTEMPATH\CodeIgniter.php(368): CodeIgniter\CodeIgniter->handleRequest(null, Object(Config\Cache), false)
 8 FCPATH\index.php(67): CodeIgniter\CodeIgniter->run()
 9 SYSTEMPATH\Commands\Server\rewrite.php(47): require_once('FCPATH\\index.php')
WARNING - 2023-05-25 16:36:39 --> [DEPRECATED] Function strftime() is deprecated in APPPATH\Views\home\v_home.php on line 17.
 1 SYSTEMPATH\View\View.php(213): include('APPPATH\\Views\\home\\v_home.php')
 2 SYSTEMPATH\View\View.php(216): CodeIgniter\View\View->CodeIgniter\View\{closure}()
 3 SYSTEMPATH\Common.php(1177): CodeIgniter\View\View->render('home/v_home', [], true)
 4 APPPATH\Controllers\Home.php(30): view('home/v_home', [...])
 5 SYSTEMPATH\CodeIgniter.php(934): App\Controllers\Home->index()
 6 SYSTEMPATH\CodeIgniter.php(499): CodeIgniter\CodeIgniter->runController(Object(App\Controllers\Home))
 7 SYSTEMPATH\CodeIgniter.php(368): CodeIgniter\CodeIgniter->handleRequest(null, Object(Config\Cache), false)
 8 FCPATH\index.php(67): CodeIgniter\CodeIgniter->run()
 9 SYSTEMPATH\Commands\Server\rewrite.php(47): require_once('FCPATH\\index.php')
WARNING - 2023-05-25 16:36:39 --> [DEPRECATED] Function strftime() is deprecated in APPPATH\Views\home\v_home.php on line 18.
 1 SYSTEMPATH\View\View.php(213): include('APPPATH\\Views\\home\\v_home.php')
 2 SYSTEMPATH\View\View.php(216): CodeIgniter\View\View->CodeIgniter\View\{closure}()
 3 SYSTEMPATH\Common.php(1177): CodeIgniter\View\View->render('home/v_home', [], true)
 4 APPPATH\Controllers\Home.php(30): view('home/v_home', [...])
 5 SYSTEMPATH\CodeIgniter.php(934): App\Controllers\Home->index()
 6 SYSTEMPATH\CodeIgniter.php(499): CodeIgniter\CodeIgniter->runController(Object(App\Controllers\Home))
 7 SYSTEMPATH\CodeIgniter.php(368): CodeIgniter\CodeIgniter->handleRequest(null, Object(Config\Cache), false)
 8 FCPATH\index.php(67): CodeIgniter\CodeIgniter->run()
 9 SYSTEMPATH\Commands\Server\rewrite.php(47): require_once('FCPATH\\index.php')
INFO - 2023-05-25 17:09:27 --> Session: Class initialized using 'CodeIgniter\Session\Handlers\FileHandler' driver.
INFO - 2023-05-25 17:09:27 --> Session: Class initialized using 'CodeIgniter\Session\Handlers\FileHandler' driver.
INFO - 2023-05-25 17:09:42 --> Session: Class initialized using 'CodeIgniter\Session\Handlers\FileHandler' driver.
INFO - 2023-05-25 17:09:42 --> Session: Class initialized using 'CodeIgniter\Session\Handlers\FileHandler' driver.
INFO - 2023-05-25 17:10:05 --> Session: Class initialized using 'CodeIgniter\Session\Handlers\FileHandler' driver.
CRITICAL - 2023-05-25 17:10:19 --> Attempt to read property "jadwal" on null
in APPPATH\Controllers\JadwalSholatController.php on line 29.
 1 APPPATH\Controllers\JadwalSholatController.php(29): CodeIgniter\Debug\Exceptions->errorHandler(2, 'Attempt to read property "jadwal" on null', 'APPPATH\\Controllers\\JadwalSholatController.php', 29)
 2 SYSTEMPATH\CodeIgniter.php(934): App\Controllers\JadwalSholatController->jadwal_sholat_wajib()
 3 SYSTEMPATH\CodeIgniter.php(499): CodeIgniter\CodeIgniter->runController(Object(App\Controllers\JadwalSholatController))
 4 SYSTEMPATH\CodeIgniter.php(368): CodeIgniter\CodeIgniter->handleRequest(null, Object(Config\Cache), false)
 5 FCPATH\index.php(67): CodeIgniter\CodeIgniter->run()
 6 SYSTEMPATH\Commands\Server\rewrite.php(47): require_once('FCPATH\\index.php')
CRITICAL - 2023-05-25 17:10:25 --> Attempt to read property "jadwal" on null
in APPPATH\Controllers\JadwalSholatController.php on line 29.
 1 APPPATH\Controllers\JadwalSholatController.php(29): CodeIgniter\Debug\Exceptions->errorHandler(2, 'Attempt to read property "jadwal" on null', 'APPPATH\\Controllers\\JadwalSholatController.php', 29)
 2 SYSTEMPATH\CodeIgniter.php(934): App\Controllers\JadwalSholatController->jadwal_sholat_wajib()
 3 SYSTEMPATH\CodeIgniter.php(499): CodeIgniter\CodeIgniter->runController(Object(App\Controllers\JadwalSholatController))
 4 SYSTEMPATH\CodeIgniter.php(368): CodeIgniter\CodeIgniter->handleRequest(null, Object(Config\Cache), false)
 5 FCPATH\index.php(67): CodeIgniter\CodeIgniter->run()
 6 SYSTEMPATH\Commands\Server\rewrite.php(47): require_once('FCPATH\\index.php')
CRITICAL - 2023-05-25 17:10:26 --> Attempt to read property "jadwal" on null
in APPPATH\Controllers\JadwalSholatController.php on line 29.
 1 APPPATH\Controllers\JadwalSholatController.php(29): CodeIgniter\Debug\Exceptions->errorHandler(2, 'Attempt to read property "jadwal" on null', 'APPPATH\\Controllers\\JadwalSholatController.php', 29)
 2 SYSTEMPATH\CodeIgniter.php(934): App\Controllers\JadwalSholatController->jadwal_sholat_wajib()
 3 SYSTEMPATH\CodeIgniter.php(499): CodeIgniter\CodeIgniter->runController(Object(App\Controllers\JadwalSholatController))
 4 SYSTEMPATH\CodeIgniter.php(368): CodeIgniter\CodeIgniter->handleRequest(null, Object(Config\Cache), false)
 5 FCPATH\index.php(67): CodeIgniter\CodeIgniter->run()
 6 SYSTEMPATH\Commands\Server\rewrite.php(47): require_once('FCPATH\\index.php')
CRITICAL - 2023-05-25 17:10:47 --> Attempt to read property "jadwal" on null
in APPPATH\Controllers\JadwalSholatController.php on line 29.
 1 APPPATH\Controllers\JadwalSholatController.php(29): CodeIgniter\Debug\Exceptions->errorHandler(2, 'Attempt to read property "jadwal" on null', 'APPPATH\\Controllers\\JadwalSholatController.php', 29)
 2 SYSTEMPATH\CodeIgniter.php(934): App\Controllers\JadwalSholatController->jadwal_sholat_wajib()
 3 SYSTEMPATH\CodeIgniter.php(499): CodeIgniter\CodeIgniter->runController(Object(App\Controllers\JadwalSholatController))
 4 SYSTEMPATH\CodeIgniter.php(368): CodeIgniter\CodeIgniter->handleRequest(null, Object(Config\Cache), false)
 5 FCPATH\index.php(67): CodeIgniter\CodeIgniter->run()
 6 SYSTEMPATH\Commands\Server\rewrite.php(47): require_once('FCPATH\\index.php')
INFO - 2023-05-25 17:12:56 --> Session: Class initialized using 'CodeIgniter\Session\Handlers\FileHandler' driver.
CRITICAL - 2023-05-25 17:16:58 --> Attempt to read property "jadwal" on null
in APPPATH\Controllers\JadwalSholatController.php on line 29.
 1 APPPATH\Controllers\JadwalSholatController.php(29): CodeIgniter\Debug\Exceptions->errorHandler(2, 'Attempt to read property "jadwal" on null', 'APPPATH\\Controllers\\JadwalSholatController.php', 29)
 2 SYSTEMPATH\CodeIgniter.php(934): App\Controllers\JadwalSholatController->jadwal_sholat_wajib()
 3 SYSTEMPATH\CodeIgniter.php(499): CodeIgniter\CodeIgniter->runController(Object(App\Controllers\JadwalSholatController))
 4 SYSTEMPATH\CodeIgniter.php(368): CodeIgniter\CodeIgniter->handleRequest(null, Object(Config\Cache), false)
 5 FCPATH\index.php(67): CodeIgniter\CodeIgniter->run()
 6 SYSTEMPATH\Commands\Server\rewrite.php(47): require_once('FCPATH\\index.php')
CRITICAL - 2023-05-25 17:17:29 --> Attempt to read property "jadwal" on null
in APPPATH\Controllers\JadwalSholatController.php on line 29.
 1 APPPATH\Controllers\JadwalSholatController.php(29): CodeIgniter\Debug\Exceptions->errorHandler(2, 'Attempt to read property "jadwal" on null', 'APPPATH\\Controllers\\JadwalSholatController.php', 29)
 2 SYSTEMPATH\CodeIgniter.php(934): App\Controllers\JadwalSholatController->jadwal_sholat_wajib()
 3 SYSTEMPATH\CodeIgniter.php(499): CodeIgniter\CodeIgniter->runController(Object(App\Controllers\JadwalSholatController))
 4 SYSTEMPATH\CodeIgniter.php(368): CodeIgniter\CodeIgniter->handleRequest(null, Object(Config\Cache), false)
 5 FCPATH\index.php(67): CodeIgniter\CodeIgniter->run()
 6 SYSTEMPATH\Commands\Server\rewrite.php(47): require_once('FCPATH\\index.php')
CRITICAL - 2023-05-25 17:18:00 --> Attempt to read property "jadwal" on null
in APPPATH\Controllers\JadwalSholatController.php on line 29.
 1 APPPATH\Controllers\JadwalSholatController.php(29): CodeIgniter\Debug\Exceptions->errorHandler(2, 'Attempt to read property "jadwal" on null', 'APPPATH\\Controllers\\JadwalSholatController.php', 29)
 2 SYSTEMPATH\CodeIgniter.php(934): App\Controllers\JadwalSholatController->jadwal_sholat_wajib()
 3 SYSTEMPATH\CodeIgniter.php(499): CodeIgniter\CodeIgniter->runController(Object(App\Controllers\JadwalSholatController))
 4 SYSTEMPATH\CodeIgniter.php(368): CodeIgniter\CodeIgniter->handleRequest(null, Object(Config\Cache), false)
 5 FCPATH\index.php(67): CodeIgniter\CodeIgniter->run()
 6 SYSTEMPATH\Commands\Server\rewrite.php(47): require_once('FCPATH\\index.php')
CRITICAL - 2023-05-25 17:18:51 --> Attempt to read property "jadwal" on null
in APPPATH\Controllers\JadwalSholatController.php on line 29.
 1 APPPATH\Controllers\JadwalSholatController.php(29): CodeIgniter\Debug\Exceptions->errorHandler(2, 'Attempt to read property "jadwal" on null', 'APPPATH\\Controllers\\JadwalSholatController.php', 29)
 2 SYSTEMPATH\CodeIgniter.php(934): App\Controllers\JadwalSholatController->jadwal_sholat_wajib()
 3 SYSTEMPATH\CodeIgniter.php(499): CodeIgniter\CodeIgniter->runController(Object(App\Controllers\JadwalSholatController))
 4 SYSTEMPATH\CodeIgniter.php(368): CodeIgniter\CodeIgniter->handleRequest(null, Object(Config\Cache), false)
 5 FCPATH\index.php(67): CodeIgniter\CodeIgniter->run()
 6 SYSTEMPATH\Commands\Server\rewrite.php(47): require_once('FCPATH\\index.php')
CRITICAL - 2023-05-25 17:19:22 --> Attempt to read property "jadwal" on null
in APPPATH\Controllers\JadwalSholatController.php on line 29.
 1 APPPATH\Controllers\JadwalSholatController.php(29): CodeIgniter\Debug\Exceptions->errorHandler(2, 'Attempt to read property "jadwal" on null', 'APPPATH\\Controllers\\JadwalSholatController.php', 29)
 2 SYSTEMPATH\CodeIgniter.php(934): App\Controllers\JadwalSholatController->jadwal_sholat_wajib()
 3 SYSTEMPATH\CodeIgniter.php(499): CodeIgniter\CodeIgniter->runController(Object(App\Controllers\JadwalSholatController))
 4 SYSTEMPATH\CodeIgniter.php(368): CodeIgniter\CodeIgniter->handleRequest(null, Object(Config\Cache), false)
 5 FCPATH\index.php(67): CodeIgniter\CodeIgniter->run()
 6 SYSTEMPATH\Commands\Server\rewrite.php(47): require_once('FCPATH\\index.php')
CRITICAL - 2023-05-25 17:19:53 --> Attempt to read property "jadwal" on null
in APPPATH\Controllers\JadwalSholatController.php on line 29.
 1 APPPATH\Controllers\JadwalSholatController.php(29): CodeIgniter\Debug\Exceptions->errorHandler(2, 'Attempt to read property "jadwal" on null', 'APPPATH\\Controllers\\JadwalSholatController.php', 29)
 2 SYSTEMPATH\CodeIgniter.php(934): App\Controllers\JadwalSholatController->jadwal_sholat_wajib()
 3 SYSTEMPATH\CodeIgniter.php(499): CodeIgniter\CodeIgniter->runController(Object(App\Controllers\JadwalSholatController))
 4 SYSTEMPATH\CodeIgniter.php(368): CodeIgniter\CodeIgniter->handleRequest(null, Object(Config\Cache), false)
 5 FCPATH\index.php(67): CodeIgniter\CodeIgniter->run()
 6 SYSTEMPATH\Commands\Server\rewrite.php(47): require_once('FCPATH\\index.php')
INFO - 2023-05-25 17:19:54 --> Session: Class initialized using 'CodeIgniter\Session\Handlers\FileHandler' driver.
CRITICAL - 2023-05-25 17:20:25 --> Attempt to read property "jadwal" on null
in APPPATH\Controllers\JadwalSholatController.php on line 29.
 1 APPPATH\Controllers\JadwalSholatController.php(29): CodeIgniter\Debug\Exceptions->errorHandler(2, 'Attempt to read property "jadwal" on null', 'APPPATH\\Controllers\\JadwalSholatController.php', 29)
 2 SYSTEMPATH\CodeIgniter.php(934): App\Controllers\JadwalSholatController->jadwal_sholat_wajib()
 3 SYSTEMPATH\CodeIgniter.php(499): CodeIgniter\CodeIgniter->runController(Object(App\Controllers\JadwalSholatController))
 4 SYSTEMPATH\CodeIgniter.php(368): CodeIgniter\CodeIgniter->handleRequest(null, Object(Config\Cache), false)
 5 FCPATH\index.php(67): CodeIgniter\CodeIgniter->run()
 6 SYSTEMPATH\Commands\Server\rewrite.php(47): require_once('FCPATH\\index.php')
CRITICAL - 2023-05-25 17:20:56 --> Attempt to read property "jadwal" on null
in APPPATH\Controllers\JadwalSholatController.php on line 29.
 1 APPPATH\Controllers\JadwalSholatController.php(29): CodeIgniter\Debug\Exceptions->errorHandler(2, 'Attempt to read property "jadwal" on null', 'APPPATH\\Controllers\\JadwalSholatController.php', 29)
 2 SYSTEMPATH\CodeIgniter.php(934): App\Controllers\JadwalSholatController->jadwal_sholat_wajib()
 3 SYSTEMPATH\CodeIgniter.php(499): CodeIgniter\CodeIgniter->runController(Object(App\Controllers\JadwalSholatController))
 4 SYSTEMPATH\CodeIgniter.php(368): CodeIgniter\CodeIgniter->handleRequest(null, Object(Config\Cache), false)
 5 FCPATH\index.php(67): CodeIgniter\CodeIgniter->run()
 6 SYSTEMPATH\Commands\Server\rewrite.php(47): require_once('FCPATH\\index.php')
INFO - 2023-05-25 17:20:56 --> Session: Class initialized using 'CodeIgniter\Session\Handlers\FileHandler' driver.
CRITICAL - 2023-05-25 17:21:27 --> Attempt to read property "jadwal" on null
in APPPATH\Controllers\JadwalSholatController.php on line 29.
 1 APPPATH\Controllers\JadwalSholatController.php(29): CodeIgniter\Debug\Exceptions->errorHandler(2, 'Attempt to read property "jadwal" on null', 'APPPATH\\Controllers\\JadwalSholatController.php', 29)
 2 SYSTEMPATH\CodeIgniter.php(934): App\Controllers\JadwalSholatController->jadwal_sholat_wajib()
 3 SYSTEMPATH\CodeIgniter.php(499): CodeIgniter\CodeIgniter->runController(Object(App\Controllers\JadwalSholatController))
 4 SYSTEMPATH\CodeIgniter.php(368): CodeIgniter\CodeIgniter->handleRequest(null, Object(Config\Cache), false)
 5 FCPATH\index.php(67): CodeIgniter\CodeIgniter->run()
 6 SYSTEMPATH\Commands\Server\rewrite.php(47): require_once('FCPATH\\index.php')
INFO - 2023-05-25 17:21:27 --> Session: Class initialized using 'CodeIgniter\Session\Handlers\FileHandler' driver.
CRITICAL - 2023-05-25 17:22:24 --> Attempt to read property "jadwal" on null
in APPPATH\Controllers\JadwalSholatController.php on line 29.
 1 APPPATH\Controllers\JadwalSholatController.php(29): CodeIgniter\Debug\Exceptions->errorHandler(2, 'Attempt to read property "jadwal" on null', 'APPPATH\\Controllers\\JadwalSholatController.php', 29)
 2 SYSTEMPATH\CodeIgniter.php(934): App\Controllers\JadwalSholatController->jadwal_sholat_wajib()
 3 SYSTEMPATH\CodeIgniter.php(499): CodeIgniter\CodeIgniter->runController(Object(App\Controllers\JadwalSholatController))
 4 SYSTEMPATH\CodeIgniter.php(368): CodeIgniter\CodeIgniter->handleRequest(null, Object(Config\Cache), false)
 5 FCPATH\index.php(67): CodeIgniter\CodeIgniter->run()
 6 SYSTEMPATH\Commands\Server\rewrite.php(47): require_once('FCPATH\\index.php')
CRITICAL - 2023-05-25 17:25:06 --> Attempt to read property "jadwal" on null
in APPPATH\Controllers\JadwalSholatController.php on line 29.
 1 APPPATH\Controllers\JadwalSholatController.php(29): CodeIgniter\Debug\Exceptions->errorHandler(2, 'Attempt to read property "jadwal" on null', 'APPPATH\\Controllers\\JadwalSholatController.php', 29)
 2 SYSTEMPATH\CodeIgniter.php(934): App\Controllers\JadwalSholatController->jadwal_sholat_wajib()
 3 SYSTEMPATH\CodeIgniter.php(499): CodeIgniter\CodeIgniter->runController(Object(App\Controllers\JadwalSholatController))
 4 SYSTEMPATH\CodeIgniter.php(368): CodeIgniter\CodeIgniter->handleRequest(null, Object(Config\Cache), false)
 5 FCPATH\index.php(67): CodeIgniter\CodeIgniter->run()
 6 SYSTEMPATH\Commands\Server\rewrite.php(47): require_once('FCPATH\\index.php')
CRITICAL - 2023-05-25 17:28:09 --> Attempt to read property "jadwal" on null
in APPPATH\Controllers\JadwalSholatController.php on line 29.
 1 APPPATH\Controllers\JadwalSholatController.php(29): CodeIgniter\Debug\Exceptions->errorHandler(2, 'Attempt to read property "jadwal" on null', 'APPPATH\\Controllers\\JadwalSholatController.php', 29)
 2 SYSTEMPATH\CodeIgniter.php(934): App\Controllers\JadwalSholatController->jadwal_sholat_wajib()
 3 SYSTEMPATH\CodeIgniter.php(499): CodeIgniter\CodeIgniter->runController(Object(App\Controllers\JadwalSholatController))
 4 SYSTEMPATH\CodeIgniter.php(368): CodeIgniter\CodeIgniter->handleRequest(null, Object(Config\Cache), false)
 5 FCPATH\index.php(67): CodeIgniter\CodeIgniter->run()
 6 SYSTEMPATH\Commands\Server\rewrite.php(47): require_once('FCPATH\\index.php')
CRITICAL - 2023-05-25 17:29:50 --> Attempt to read property "jadwal" on null
in APPPATH\Controllers\JadwalSholatController.php on line 29.
 1 APPPATH\Controllers\JadwalSholatController.php(29): CodeIgniter\Debug\Exceptions->errorHandler(2, 'Attempt to read property "jadwal" on null', 'APPPATH\\Controllers\\JadwalSholatController.php', 29)
 2 SYSTEMPATH\CodeIgniter.php(934): App\Controllers\JadwalSholatController->jadwal_sholat_wajib()
 3 SYSTEMPATH\CodeIgniter.php(499): CodeIgniter\CodeIgniter->runController(Object(App\Controllers\JadwalSholatController))
 4 SYSTEMPATH\CodeIgniter.php(368): CodeIgniter\CodeIgniter->handleRequest(null, Object(Config\Cache), false)
 5 FCPATH\index.php(67): CodeIgniter\CodeIgniter->run()
 6 SYSTEMPATH\Commands\Server\rewrite.php(47): require_once('FCPATH\\index.php')
CRITICAL - 2023-05-25 17:30:21 --> Attempt to read property "jadwal" on null
in APPPATH\Controllers\JadwalSholatController.php on line 30.
 1 APPPATH\Controllers\JadwalSholatController.php(30): CodeIgniter\Debug\Exceptions->errorHandler(2, 'Attempt to read property "jadwal" on null', 'APPPATH\\Controllers\\JadwalSholatController.php', 30)
 2 SYSTEMPATH\CodeIgniter.php(934): App\Controllers\JadwalSholatController->jadwal_sholat_wajib()
 3 SYSTEMPATH\CodeIgniter.php(499): CodeIgniter\CodeIgniter->runController(Object(App\Controllers\JadwalSholatController))
 4 SYSTEMPATH\CodeIgniter.php(368): CodeIgniter\CodeIgniter->handleRequest(null, Object(Config\Cache), false)
 5 FCPATH\index.php(67): CodeIgniter\CodeIgniter->run()
 6 SYSTEMPATH\Commands\Server\rewrite.php(47): require_once('FCPATH\\index.php')
CRITICAL - 2023-05-25 17:30:52 --> Attempt to read property "jadwal" on null
in APPPATH\Controllers\JadwalSholatController.php on line 30.
 1 APPPATH\Controllers\JadwalSholatController.php(30): CodeIgniter\Debug\Exceptions->errorHandler(2, 'Attempt to read property "jadwal" on null', 'APPPATH\\Controllers\\JadwalSholatController.php', 30)
 2 SYSTEMPATH\CodeIgniter.php(934): App\Controllers\JadwalSholatController->jadwal_sholat_wajib()
 3 SYSTEMPATH\CodeIgniter.php(499): CodeIgniter\CodeIgniter->runController(Object(App\Controllers\JadwalSholatController))
 4 SYSTEMPATH\CodeIgniter.php(368): CodeIgniter\CodeIgniter->handleRequest(null, Object(Config\Cache), false)
 5 FCPATH\index.php(67): CodeIgniter\CodeIgniter->run()
 6 SYSTEMPATH\Commands\Server\rewrite.php(47): require_once('FCPATH\\index.php')
CRITICAL - 2023-05-25 17:31:23 --> Attempt to read property "jadwal" on null
in APPPATH\Controllers\JadwalSholatController.php on line 30.
 1 APPPATH\Controllers\JadwalSholatController.php(30): CodeIgniter\Debug\Exceptions->errorHandler(2, 'Attempt to read property "jadwal" on null', 'APPPATH\\Controllers\\JadwalSholatController.php', 30)
 2 SYSTEMPATH\CodeIgniter.php(934): App\Controllers\JadwalSholatController->jadwal_sholat_wajib()
 3 SYSTEMPATH\CodeIgniter.php(499): CodeIgniter\CodeIgniter->runController(Object(App\Controllers\JadwalSholatController))
 4 SYSTEMPATH\CodeIgniter.php(368): CodeIgniter\CodeIgniter->handleRequest(null, Object(Config\Cache), false)
 5 FCPATH\index.php(67): CodeIgniter\CodeIgniter->run()
 6 SYSTEMPATH\Commands\Server\rewrite.php(47): require_once('FCPATH\\index.php')
CRITICAL - 2023-05-25 17:31:54 --> Attempt to read property "jadwal" on null
in APPPATH\Controllers\JadwalSholatController.php on line 30.
 1 APPPATH\Controllers\JadwalSholatController.php(30): CodeIgniter\Debug\Exceptions->errorHandler(2, 'Attempt to read property "jadwal" on null', 'APPPATH\\Controllers\\JadwalSholatController.php', 30)
 2 SYSTEMPATH\CodeIgniter.php(934): App\Controllers\JadwalSholatController->jadwal_sholat_wajib()
 3 SYSTEMPATH\CodeIgniter.php(499): CodeIgniter\CodeIgniter->runController(Object(App\Controllers\JadwalSholatController))
 4 SYSTEMPATH\CodeIgniter.php(368): CodeIgniter\CodeIgniter->handleRequest(null, Object(Config\Cache), false)
 5 FCPATH\index.php(67): CodeIgniter\CodeIgniter->run()
 6 SYSTEMPATH\Commands\Server\rewrite.php(47): require_once('FCPATH\\index.php')
CRITICAL - 2023-05-25 17:32:25 --> Attempt to read property "jadwal" on null
in APPPATH\Controllers\JadwalSholatController.php on line 29.
 1 APPPATH\Controllers\JadwalSholatController.php(29): CodeIgniter\Debug\Exceptions->errorHandler(2, 'Attempt to read property "jadwal" on null', 'APPPATH\\Controllers\\JadwalSholatController.php', 29)
 2 SYSTEMPATH\CodeIgniter.php(934): App\Controllers\JadwalSholatController->jadwal_sholat_wajib()
 3 SYSTEMPATH\CodeIgniter.php(499): CodeIgniter\CodeIgniter->runController(Object(App\Controllers\JadwalSholatController))
 4 SYSTEMPATH\CodeIgniter.php(368): CodeIgniter\CodeIgniter->handleRequest(null, Object(Config\Cache), false)
 5 FCPATH\index.php(67): CodeIgniter\CodeIgniter->run()
 6 SYSTEMPATH\Commands\Server\rewrite.php(47): require_once('FCPATH\\index.php')
CRITICAL - 2023-05-25 17:32:56 --> Attempt to read property "jadwal" on null
in APPPATH\Controllers\JadwalSholatController.php on line 29.
 1 APPPATH\Controllers\JadwalSholatController.php(29): CodeIgniter\Debug\Exceptions->errorHandler(2, 'Attempt to read property "jadwal" on null', 'APPPATH\\Controllers\\JadwalSholatController.php', 29)
 2 SYSTEMPATH\CodeIgniter.php(934): App\Controllers\JadwalSholatController->jadwal_sholat_wajib()
 3 SYSTEMPATH\CodeIgniter.php(499): CodeIgniter\CodeIgniter->runController(Object(App\Controllers\JadwalSholatController))
 4 SYSTEMPATH\CodeIgniter.php(368): CodeIgniter\CodeIgniter->handleRequest(null, Object(Config\Cache), false)
 5 FCPATH\index.php(67): CodeIgniter\CodeIgniter->run()
 6 SYSTEMPATH\Commands\Server\rewrite.php(47): require_once('FCPATH\\index.php')
CRITICAL - 2023-05-25 17:33:28 --> Attempt to read property "jadwal" on null
in APPPATH\Controllers\JadwalSholatController.php on line 29.
 1 APPPATH\Controllers\JadwalSholatController.php(29): CodeIgniter\Debug\Exceptions->errorHandler(2, 'Attempt to read property "jadwal" on null', 'APPPATH\\Controllers\\JadwalSholatController.php', 29)
 2 SYSTEMPATH\CodeIgniter.php(934): App\Controllers\JadwalSholatController->jadwal_sholat_wajib()
 3 SYSTEMPATH\CodeIgniter.php(499): CodeIgniter\CodeIgniter->runController(Object(App\Controllers\JadwalSholatController))
 4 SYSTEMPATH\CodeIgniter.php(368): CodeIgniter\CodeIgniter->handleRequest(null, Object(Config\Cache), false)
 5 FCPATH\index.php(67): CodeIgniter\CodeIgniter->run()
 6 SYSTEMPATH\Commands\Server\rewrite.php(47): require_once('FCPATH\\index.php')
INFO - 2023-05-25 17:33:28 --> Session: Class initialized using 'CodeIgniter\Session\Handlers\FileHandler' driver.
CRITICAL - 2023-05-25 17:33:59 --> Attempt to read property "jadwal" on null
in APPPATH\Controllers\JadwalSholatController.php on line 29.
 1 APPPATH\Controllers\JadwalSholatController.php(29): CodeIgniter\Debug\Exceptions->errorHandler(2, 'Attempt to read property "jadwal" on null', 'APPPATH\\Controllers\\JadwalSholatController.php', 29)
 2 SYSTEMPATH\CodeIgniter.php(934): App\Controllers\JadwalSholatController->jadwal_sholat_wajib()
 3 SYSTEMPATH\CodeIgniter.php(499): CodeIgniter\CodeIgniter->runController(Object(App\Controllers\JadwalSholatController))
 4 SYSTEMPATH\CodeIgniter.php(368): CodeIgniter\CodeIgniter->handleRequest(null, Object(Config\Cache), false)
 5 FCPATH\index.php(67): CodeIgniter\CodeIgniter->run()
 6 SYSTEMPATH\Commands\Server\rewrite.php(47): require_once('FCPATH\\index.php')
CRITICAL - 2023-05-25 17:34:32 --> Attempt to read property "jadwal" on null
in APPPATH\Controllers\JadwalSholatController.php on line 29.
 1 APPPATH\Controllers\JadwalSholatController.php(29): CodeIgniter\Debug\Exceptions->errorHandler(2, 'Attempt to read property "jadwal" on null', 'APPPATH\\Controllers\\JadwalSholatController.php', 29)
 2 SYSTEMPATH\CodeIgniter.php(934): App\Controllers\JadwalSholatController->jadwal_sholat_wajib()
 3 SYSTEMPATH\CodeIgniter.php(499): CodeIgniter\CodeIgniter->runController(Object(App\Controllers\JadwalSholatController))
 4 SYSTEMPATH\CodeIgniter.php(368): CodeIgniter\CodeIgniter->handleRequest(null, Object(Config\Cache), false)
 5 FCPATH\index.php(67): CodeIgniter\CodeIgniter->run()
 6 SYSTEMPATH\Commands\Server\rewrite.php(47): require_once('FCPATH\\index.php')
CRITICAL - 2023-05-25 17:35:03 --> Attempt to read property "jadwal" on null
in APPPATH\Controllers\JadwalSholatController.php on line 29.
 1 APPPATH\Controllers\JadwalSholatController.php(29): CodeIgniter\Debug\Exceptions->errorHandler(2, 'Attempt to read property "jadwal" on null', 'APPPATH\\Controllers\\JadwalSholatController.php', 29)
 2 SYSTEMPATH\CodeIgniter.php(934): App\Controllers\JadwalSholatController->jadwal_sholat_wajib()
 3 SYSTEMPATH\CodeIgniter.php(499): CodeIgniter\CodeIgniter->runController(Object(App\Controllers\JadwalSholatController))
 4 SYSTEMPATH\CodeIgniter.php(368): CodeIgniter\CodeIgniter->handleRequest(null, Object(Config\Cache), false)
 5 FCPATH\index.php(67): CodeIgniter\CodeIgniter->run()
 6 SYSTEMPATH\Commands\Server\rewrite.php(47): require_once('FCPATH\\index.php')
CRITICAL - 2023-05-25 17:35:34 --> Attempt to read property "jadwal" on null
in APPPATH\Controllers\JadwalSholatController.php on line 29.
 1 APPPATH\Controllers\JadwalSholatController.php(29): CodeIgniter\Debug\Exceptions->errorHandler(2, 'Attempt to read property "jadwal" on null', 'APPPATH\\Controllers\\JadwalSholatController.php', 29)
 2 SYSTEMPATH\CodeIgniter.php(934): App\Controllers\JadwalSholatController->jadwal_sholat_wajib()
 3 SYSTEMPATH\CodeIgniter.php(499): CodeIgniter\CodeIgniter->runController(Object(App\Controllers\JadwalSholatController))
 4 SYSTEMPATH\CodeIgniter.php(368): CodeIgniter\CodeIgniter->handleRequest(null, Object(Config\Cache), false)
 5 FCPATH\index.php(67): CodeIgniter\CodeIgniter->run()
 6 SYSTEMPATH\Commands\Server\rewrite.php(47): require_once('FCPATH\\index.php')
CRITICAL - 2023-05-25 17:36:06 --> Attempt to read property "jadwal" on null
in APPPATH\Controllers\JadwalSholatController.php on line 29.
 1 APPPATH\Controllers\JadwalSholatController.php(29): CodeIgniter\Debug\Exceptions->errorHandler(2, 'Attempt to read property "jadwal" on null', 'APPPATH\\Controllers\\JadwalSholatController.php', 29)
 2 SYSTEMPATH\CodeIgniter.php(934): App\Controllers\JadwalSholatController->jadwal_sholat_wajib()
 3 SYSTEMPATH\CodeIgniter.php(499): CodeIgniter\CodeIgniter->runController(Object(App\Controllers\JadwalSholatController))
 4 SYSTEMPATH\CodeIgniter.php(368): CodeIgniter\CodeIgniter->handleRequest(null, Object(Config\Cache), false)
 5 FCPATH\index.php(67): CodeIgniter\CodeIgniter->run()
 6 SYSTEMPATH\Commands\Server\rewrite.php(47): require_once('FCPATH\\index.php')
CRITICAL - 2023-05-25 17:36:37 --> Attempt to read property "jadwal" on null
in APPPATH\Controllers\JadwalSholatController.php on line 29.
 1 APPPATH\Controllers\JadwalSholatController.php(29): CodeIgniter\Debug\Exceptions->errorHandler(2, 'Attempt to read property "jadwal" on null', 'APPPATH\\Controllers\\JadwalSholatController.php', 29)
 2 SYSTEMPATH\CodeIgniter.php(934): App\Controllers\JadwalSholatController->jadwal_sholat_wajib()
 3 SYSTEMPATH\CodeIgniter.php(499): CodeIgniter\CodeIgniter->runController(Object(App\Controllers\JadwalSholatController))
 4 SYSTEMPATH\CodeIgniter.php(368): CodeIgniter\CodeIgniter->handleRequest(null, Object(Config\Cache), false)
 5 FCPATH\index.php(67): CodeIgniter\CodeIgniter->run()
 6 SYSTEMPATH\Commands\Server\rewrite.php(47): require_once('FCPATH\\index.php')
CRITICAL - 2023-05-25 17:40:48 --> Attempt to read property "jadwal" on null
in APPPATH\Controllers\JadwalSholatController.php on line 32.
 1 APPPATH\Controllers\JadwalSholatController.php(32): CodeIgniter\Debug\Exceptions->errorHandler(2, 'Attempt to read property "jadwal" on null', 'APPPATH\\Controllers\\JadwalSholatController.php', 32)
 2 SYSTEMPATH\CodeIgniter.php(934): App\Controllers\JadwalSholatController->jadwal_sholat_wajib()
 3 SYSTEMPATH\CodeIgniter.php(499): CodeIgniter\CodeIgniter->runController(Object(App\Controllers\JadwalSholatController))
 4 SYSTEMPATH\CodeIgniter.php(368): CodeIgniter\CodeIgniter->handleRequest(null, Object(Config\Cache), false)
 5 FCPATH\index.php(67): CodeIgniter\CodeIgniter->run()
 6 SYSTEMPATH\Commands\Server\rewrite.php(47): require_once('FCPATH\\index.php')
INFO - 2023-05-25 17:47:13 --> Session: Class initialized using 'CodeIgniter\Session\Handlers\FileHandler' driver.
CRITICAL - 2023-05-25 18:02:24 --> Attempt to read property "jadwal" on null
in APPPATH\Controllers\JadwalSholatController.php on line 32.
 1 APPPATH\Controllers\JadwalSholatController.php(32): CodeIgniter\Debug\Exceptions->errorHandler(2, 'Attempt to read property "jadwal" on null', 'APPPATH\\Controllers\\JadwalSholatController.php', 32)
 2 SYSTEMPATH\CodeIgniter.php(934): App\Controllers\JadwalSholatController->jadwal_sholat_wajib()
 3 SYSTEMPATH\CodeIgniter.php(499): CodeIgniter\CodeIgniter->runController(Object(App\Controllers\JadwalSholatController))
 4 SYSTEMPATH\CodeIgniter.php(368): CodeIgniter\CodeIgniter->handleRequest(null, Object(Config\Cache), false)
 5 FCPATH\index.php(67): CodeIgniter\CodeIgniter->run()
 6 SYSTEMPATH\Commands\Server\rewrite.php(47): require_once('FCPATH\\index.php')
INFO - 2023-05-25 18:05:03 --> Session: Class initialized using 'CodeIgniter\Session\Handlers\FileHandler' driver.
INFO - 2023-05-25 18:14:00 --> Session: Class initialized using 'CodeIgniter\Session\Handlers\FileHandler' driver.
INFO - 2023-05-25 18:14:55 --> Session: Class initialized using 'CodeIgniter\Session\Handlers\FileHandler' driver.
INFO - 2023-05-25 18:15:46 --> Session: Class initialized using 'CodeIgniter\Session\Handlers\FileHandler' driver.
INFO - 2023-05-25 18:16:24 --> Session: Class initialized using 'CodeIgniter\Session\Handlers\FileHandler' driver.
INFO - 2023-05-25 18:50:51 --> Session: Class initialized using 'CodeIgniter\Session\Handlers\FileHandler' driver.
INFO - 2023-05-25 18:52:27 --> Session: Class initialized using 'CodeIgniter\Session\Handlers\FileHandler' driver.
INFO - 2023-05-25 18:53:44 --> Session: Class initialized using 'CodeIgniter\Session\Handlers\FileHandler' driver.
INFO - 2023-05-25 18:58:30 --> Session: Class initialized using 'CodeIgniter\Session\Handlers\FileHandler' driver.
INFO - 2023-05-25 18:59:35 --> Session: Class initialized using 'CodeIgniter\Session\Handlers\FileHandler' driver.
INFO - 2023-05-25 18:59:42 --> Session: Class initialized using 'CodeIgniter\Session\Handlers\FileHandler' driver.
INFO - 2023-05-25 19:00:40 --> Session: Class initialized using 'CodeIgniter\Session\Handlers\FileHandler' driver.
INFO - 2023-05-25 19:02:00 --> Session: Class initialized using 'CodeIgniter\Session\Handlers\FileHandler' driver.
INFO - 2023-05-25 19:02:29 --> Session: Class initialized using 'CodeIgniter\Session\Handlers\FileHandler' driver.
INFO - 2023-05-25 19:03:10 --> Session: Class initialized using 'CodeIgniter\Session\Handlers\FileHandler' driver.
INFO - 2023-05-25 19:03:48 --> Session: Class initialized using 'CodeIgniter\Session\Handlers\FileHandler' driver.
INFO - 2023-05-25 19:04:12 --> Session: Class initialized using 'CodeIgniter\Session\Handlers\FileHandler' driver.
INFO - 2023-05-25 19:06:15 --> Session: Class initialized using 'CodeIgniter\Session\Handlers\FileHandler' driver.
INFO - 2023-05-25 19:09:00 --> Session: Class initialized using 'CodeIgniter\Session\Handlers\FileHandler' driver.
INFO - 2023-05-25 19:12:35 --> Session: Class initialized using 'CodeIgniter\Session\Handlers\FileHandler' driver.
INFO - 2023-05-25 19:13:06 --> Session: Class initialized using 'CodeIgniter\Session\Handlers\FileHandler' driver.
INFO - 2023-05-25 19:13:10 --> Session: Class initialized using 'CodeIgniter\Session\Handlers\FileHandler' driver.
INFO - 2023-05-25 19:13:41 --> Session: Class initialized using 'CodeIgniter\Session\Handlers\FileHandler' driver.
INFO - 2023-05-25 19:14:56 --> Session: Class initialized using 'CodeIgniter\Session\Handlers\FileHandler' driver.
INFO - 2023-05-25 19:14:56 --> Session: Class initialized using 'CodeIgniter\Session\Handlers\FileHandler' driver.
INFO - 2023-05-25 19:15:13 --> Session: Class initialized using 'CodeIgniter\Session\Handlers\FileHandler' driver.
INFO - 2023-05-25 19:15:32 --> Session: Class initialized using 'CodeIgniter\Session\Handlers\FileHandler' driver.
INFO - 2023-05-25 19:15:51 --> Session: Class initialized using 'CodeIgniter\Session\Handlers\FileHandler' driver.
INFO - 2023-05-25 19:15:53 --> Session: Class initialized using 'CodeIgniter\Session\Handlers\FileHandler' driver.
INFO - 2023-05-25 19:20:00 --> Session: Class initialized using 'CodeIgniter\Session\Handlers\FileHandler' driver.
INFO - 2023-05-25 19:22:27 --> Session: Class initialized using 'CodeIgniter\Session\Handlers\FileHandler' driver.
INFO - 2023-05-25 19:27:27 --> Session: Class initialized using 'CodeIgniter\Session\Handlers\FileHandler' driver.
INFO - 2023-05-25 19:27:50 --> Session: Class initialized using 'CodeIgniter\Session\Handlers\FileHandler' driver.
INFO - 2023-05-25 19:28:28 --> Session: Class initialized using 'CodeIgniter\Session\Handlers\FileHandler' driver.
INFO - 2023-05-25 19:33:12 --> Session: Class initialized using 'CodeIgniter\Session\Handlers\FileHandler' driver.
INFO - 2023-05-25 19:33:27 --> Session: Class initialized using 'CodeIgniter\Session\Handlers\FileHandler' driver.
INFO - 2023-05-25 19:33:50 --> Session: Class initialized using 'CodeIgniter\Session\Handlers\FileHandler' driver.
INFO - 2023-05-25 19:46:44 --> Session: Class initialized using 'CodeIgniter\Session\Handlers\FileHandler' driver.
INFO - 2023-05-25 19:47:10 --> Session: Class initialized using 'CodeIgniter\Session\Handlers\FileHandler' driver.
INFO - 2023-05-25 19:47:12 --> Session: Class initialized using 'CodeIgniter\Session\Handlers\FileHandler' driver.
INFO - 2023-05-25 19:47:13 --> Session: Class initialized using 'CodeIgniter\Session\Handlers\FileHandler' driver.
INFO - 2023-05-25 20:07:34 --> Session: Class initialized using 'CodeIgniter\Session\Handlers\FileHandler' driver.
INFO - 2023-05-25 20:08:17 --> Session: Class initialized using 'CodeIgniter\Session\Handlers\FileHandler' driver.
INFO - 2023-05-25 20:11:16 --> Session: Class initialized using 'CodeIgniter\Session\Handlers\FileHandler' driver.
INFO - 2023-05-25 20:11:36 --> Session: Class initialized using 'CodeIgniter\Session\Handlers\FileHandler' driver.
INFO - 2023-05-25 20:13:03 --> Session: Class initialized using 'CodeIgniter\Session\Handlers\FileHandler' driver.
INFO - 2023-05-25 20:13:11 --> Session: Class initialized using 'CodeIgniter\Session\Handlers\FileHandler' driver.
INFO - 2023-05-25 20:13:59 --> Session: Class initialized using 'CodeIgniter\Session\Handlers\FileHandler' driver.
INFO - 2023-05-25 20:14:11 --> Session: Class initialized using 'CodeIgniter\Session\Handlers\FileHandler' driver.
INFO - 2023-05-25 20:15:20 --> Session: Class initialized using 'CodeIgniter\Session\Handlers\FileHandler' driver.
INFO - 2023-05-25 20:19:44 --> Session: Class initialized using 'CodeIgniter\Session\Handlers\FileHandler' driver.
INFO - 2023-05-25 20:20:56 --> Session: Class initialized using 'CodeIgniter\Session\Handlers\FileHandler' driver.
INFO - 2023-05-25 20:21:04 --> Session: Class initialized using 'CodeIgniter\Session\Handlers\FileHandler' driver.
INFO - 2023-05-25 20:21:13 --> Session: Class initialized using 'CodeIgniter\Session\Handlers\FileHandler' driver.
INFO - 2023-05-25 20:21:49 --> Session: Class initialized using 'CodeIgniter\Session\Handlers\FileHandler' driver.
INFO - 2023-05-25 20:22:04 --> Session: Class initialized using 'CodeIgniter\Session\Handlers\FileHandler' driver.
INFO - 2023-05-25 20:22:22 --> Session: Class initialized using 'CodeIgniter\Session\Handlers\FileHandler' driver.
INFO - 2023-05-25 20:23:08 --> Session: Class initialized using 'CodeIgniter\Session\Handlers\FileHandler' driver.
INFO - 2023-05-25 20:23:21 --> Session: Class initialized using 'CodeIgniter\Session\Handlers\FileHandler' driver.
INFO - 2023-05-25 20:27:23 --> Session: Class initialized using 'CodeIgniter\Session\Handlers\FileHandler' driver.
INFO - 2023-05-25 20:28:46 --> Session: Class initialized using 'CodeIgniter\Session\Handlers\FileHandler' driver.
INFO - 2023-05-25 20:29:08 --> Session: Class initialized using 'CodeIgniter\Session\Handlers\FileHandler' driver.
INFO - 2023-05-25 20:29:53 --> Session: Class initialized using 'CodeIgniter\Session\Handlers\FileHandler' driver.
INFO - 2023-05-25 20:30:10 --> Session: Class initialized using 'CodeIgniter\Session\Handlers\FileHandler' driver.
INFO - 2023-05-25 20:30:31 --> Session: Class initialized using 'CodeIgniter\Session\Handlers\FileHandler' driver.
INFO - 2023-05-25 20:31:48 --> Session: Class initialized using 'CodeIgniter\Session\Handlers\FileHandler' driver.
INFO - 2023-05-25 20:32:37 --> Session: Class initialized using 'CodeIgniter\Session\Handlers\FileHandler' driver.
INFO - 2023-05-25 20:32:37 --> Session: Class initialized using 'CodeIgniter\Session\Handlers\FileHandler' driver.
INFO - 2023-05-25 20:32:41 --> Session: Class initialized using 'CodeIgniter\Session\Handlers\FileHandler' driver.
INFO - 2023-05-25 20:32:41 --> Session: Class initialized using 'CodeIgniter\Session\Handlers\FileHandler' driver.
INFO - 2023-05-25 20:33:24 --> Session: Class initialized using 'CodeIgniter\Session\Handlers\FileHandler' driver.
INFO - 2023-05-25 20:33:24 --> Session: Class initialized using 'CodeIgniter\Session\Handlers\FileHandler' driver.
INFO - 2023-05-25 20:35:33 --> Session: Class initialized using 'CodeIgniter\Session\Handlers\FileHandler' driver.
INFO - 2023-05-25 20:35:33 --> Session: Class initialized using 'CodeIgniter\Session\Handlers\FileHandler' driver.
INFO - 2023-05-25 20:36:14 --> Session: Class initialized using 'CodeIgniter\Session\Handlers\FileHandler' driver.
INFO - 2023-05-25 20:36:15 --> Session: Class initialized using 'CodeIgniter\Session\Handlers\FileHandler' driver.
INFO - 2023-05-25 20:37:04 --> Session: Class initialized using 'CodeIgniter\Session\Handlers\FileHandler' driver.
INFO - 2023-05-25 20:37:18 --> Session: Class initialized using 'CodeIgniter\Session\Handlers\FileHandler' driver.
INFO - 2023-05-25 20:37:37 --> Session: Class initialized using 'CodeIgniter\Session\Handlers\FileHandler' driver.
INFO - 2023-05-25 20:37:50 --> Session: Class initialized using 'CodeIgniter\Session\Handlers\FileHandler' driver.
INFO - 2023-05-25 20:37:53 --> Session: Class initialized using 'CodeIgniter\Session\Handlers\FileHandler' driver.
INFO - 2023-05-25 20:40:44 --> Session: Class initialized using 'CodeIgniter\Session\Handlers\FileHandler' driver.
INFO - 2023-05-25 20:40:52 --> Session: Class initialized using 'CodeIgniter\Session\Handlers\FileHandler' driver.
INFO - 2023-05-25 20:40:55 --> Session: Class initialized using 'CodeIgniter\Session\Handlers\FileHandler' driver.
INFO - 2023-05-25 20:42:03 --> Session: Class initialized using 'CodeIgniter\Session\Handlers\FileHandler' driver.
INFO - 2023-05-25 20:42:03 --> Session: Class initialized using 'CodeIgniter\Session\Handlers\FileHandler' driver.
INFO - 2023-05-25 20:42:12 --> Session: Class initialized using 'CodeIgniter\Session\Handlers\FileHandler' driver.
INFO - 2023-05-25 21:03:14 --> Session: Class initialized using 'CodeIgniter\Session\Handlers\FileHandler' driver.
INFO - 2023-05-25 22:04:59 --> Session: Class initialized using 'CodeIgniter\Session\Handlers\FileHandler' driver.
INFO - 2023-05-25 22:04:59 --> Session: Class initialized using 'CodeIgniter\Session\Handlers\FileHandler' driver.
INFO - 2023-05-25 22:04:59 --> Session: Class initialized using 'CodeIgniter\Session\Handlers\FileHandler' driver.
INFO - 2023-05-25 22:07:02 --> Session: Class initialized using 'CodeIgniter\Session\Handlers\FileHandler' driver.
INFO - 2023-05-25 22:07:40 --> Session: Class initialized using 'CodeIgniter\Session\Handlers\FileHandler' driver.
INFO - 2023-05-25 22:16:27 --> Session: Class initialized using 'CodeIgniter\Session\Handlers\FileHandler' driver.
INFO - 2023-05-25 22:17:49 --> Session: Class initialized using 'CodeIgniter\Session\Handlers\FileHandler' driver.
INFO - 2023-05-25 22:18:08 --> Session: Class initialized using 'CodeIgniter\Session\Handlers\FileHandler' driver.
INFO - 2023-05-25 22:18:30 --> Session: Class initialized using 'CodeIgniter\Session\Handlers\FileHandler' driver.
INFO - 2023-05-25 22:19:05 --> Session: Class initialized using 'CodeIgniter\Session\Handlers\FileHandler' driver.
