<<<<<<< Updated upstream
WARNING - 2023-07-30 07:08:32 --> [DEPRECATED] Creation of dynamic property App\Controllers\Home::$email is deprecated in APPPATH\Controllers\BaseController.php on line 57.
=======
WARNING - 2023-07-30 14:09:56 --> [DEPRECATED] Creation of dynamic property App\Controllers\Home::$email is deprecated in APPPATH\Controllers\BaseController.php on line 57.
>>>>>>> Stashed changes
 1 SYSTEMPATH\CodeIgniter.php(907): App\Controllers\BaseController->initController(Object(CodeIgniter\HTTP\IncomingRequest), Object(CodeIgniter\HTTP\Response), Object(CodeIgniter\Log\Logger))
 2 SYSTEMPATH\CodeIgniter.php(490): CodeIgniter\CodeIgniter->createController()
 3 SYSTEMPATH\CodeIgniter.php(368): CodeIgniter\CodeIgniter->handleRequest(null, Object(Config\Cache), false)
 4 FCPATH\index.php(67): CodeIgniter\CodeIgniter->run()
 5 SYSTEMPATH\Commands\Server\rewrite.php(47): require_once('FCPATH\\index.php')
<<<<<<< Updated upstream
ERROR - 2023-07-30 07:08:37 --> Error connecting to the database: mysqli_sql_exception: No connection could be made because the target machine actively refused it in D:\xampp\htdocs\basyir_mobile\system\Database\MySQLi\Connection.php:173
Stack trace:
#0 D:\xampp\htdocs\basyir_mobile\system\Database\MySQLi\Connection.php(173): mysqli->real_connect('localhost', 'root', Object(SensitiveParameterValue), 'db_basyir', 3306, '', 0)
#1 D:\xampp\htdocs\basyir_mobile\system\Database\BaseConnection.php(391): CodeIgniter\Database\MySQLi\Connection->connect(false)
#2 D:\xampp\htdocs\basyir_mobile\system\Database\BaseConnection.php(573): CodeIgniter\Database\BaseConnection->initialize()
#3 D:\xampp\htdocs\basyir_mobile\app\Models\BeritaModel.php(76): CodeIgniter\Database\BaseConnection->query('SELECT * FROM t...')
#4 D:\xampp\htdocs\basyir_mobile\app\Controllers\Home.php(15): App\Models\BeritaModel->getBeritaLandingPage()
#5 D:\xampp\htdocs\basyir_mobile\system\CodeIgniter.php(934): App\Controllers\Home->index()
#6 D:\xampp\htdocs\basyir_mobile\system\CodeIgniter.php(499): CodeIgniter\CodeIgniter->runController(Object(App\Controllers\Home))
#7 D:\xampp\htdocs\basyir_mobile\system\CodeIgniter.php(368): CodeIgniter\CodeIgniter->handleRequest(NULL, Object(Config\Cache), false)
#8 D:\xampp\htdocs\basyir_mobile\public\index.php(67): CodeIgniter\CodeIgniter->run()
#9 D:\xampp\htdocs\basyir_mobile\system\Commands\Server\rewrite.php(47): require_once('D:\\xampp\\htdocs...')
#10 {main}

Next CodeIgniter\Database\Exceptions\DatabaseException: No connection could be made because the target machine actively refused it in D:\xampp\htdocs\basyir_mobile\system\Database\MySQLi\Connection.php:218
Stack trace:
#0 D:\xampp\htdocs\basyir_mobile\system\Database\BaseConnection.php(391): CodeIgniter\Database\MySQLi\Connection->connect(false)
#1 D:\xampp\htdocs\basyir_mobile\system\Database\BaseConnection.php(573): CodeIgniter\Database\BaseConnection->initialize()
#2 D:\xampp\htdocs\basyir_mobile\app\Models\BeritaModel.php(76): CodeIgniter\Database\BaseConnection->query('SELECT * FROM t...')
#3 D:\xampp\htdocs\basyir_mobile\app\Controllers\Home.php(15): App\Models\BeritaModel->getBeritaLandingPage()
#4 D:\xampp\htdocs\basyir_mobile\system\CodeIgniter.php(934): App\Controllers\Home->index()
#5 D:\xampp\htdocs\basyir_mobile\system\CodeIgniter.php(499): CodeIgniter\CodeIgniter->runController(Object(App\Controllers\Home))
#6 D:\xampp\htdocs\basyir_mobile\system\CodeIgniter.php(368): CodeIgniter\CodeIgniter->handleRequest(NULL, Object(Config\Cache), false)
#7 D:\xampp\htdocs\basyir_mobile\public\index.php(67): CodeIgniter\CodeIgniter->run()
#8 D:\xampp\htdocs\basyir_mobile\system\Commands\Server\rewrite.php(47): require_once('D:\\xampp\\htdocs...')
#9 {main}
CRITICAL - 2023-07-30 07:08:37 --> Unable to connect to the database.
Main connection [MySQLi]: No connection could be made because the target machine actively refused it
in SYSTEMPATH\Database\BaseConnection.php on line 427.
 1 SYSTEMPATH\Database\BaseConnection.php(573): CodeIgniter\Database\BaseConnection->initialize()
 2 APPPATH\Models\BeritaModel.php(76): CodeIgniter\Database\BaseConnection->query('SELECT * FROM tbl_berita where status_berita = \'2\' ORDER BY created_at desc limit 3')
 3 APPPATH\Controllers\Home.php(15): App\Models\BeritaModel->getBeritaLandingPage()
 4 SYSTEMPATH\CodeIgniter.php(934): App\Controllers\Home->index()
 5 SYSTEMPATH\CodeIgniter.php(499): CodeIgniter\CodeIgniter->runController(Object(App\Controllers\Home))
 6 SYSTEMPATH\CodeIgniter.php(368): CodeIgniter\CodeIgniter->handleRequest(null, Object(Config\Cache), false)
 7 FCPATH\index.php(67): CodeIgniter\CodeIgniter->run()
 8 SYSTEMPATH\Commands\Server\rewrite.php(47): require_once('FCPATH\\index.php')
WARNING - 2023-07-30 07:09:23 --> [DEPRECATED] Creation of dynamic property App\Controllers\Home::$email is deprecated in APPPATH\Controllers\BaseController.php on line 57.
=======
WARNING - 2023-07-30 14:10:49 --> [DEPRECATED] Creation of dynamic property App\Controllers\Home::$email is deprecated in APPPATH\Controllers\BaseController.php on line 57.
>>>>>>> Stashed changes
 1 SYSTEMPATH\CodeIgniter.php(907): App\Controllers\BaseController->initController(Object(CodeIgniter\HTTP\IncomingRequest), Object(CodeIgniter\HTTP\Response), Object(CodeIgniter\Log\Logger))
 2 SYSTEMPATH\CodeIgniter.php(490): CodeIgniter\CodeIgniter->createController()
 3 SYSTEMPATH\CodeIgniter.php(368): CodeIgniter\CodeIgniter->handleRequest(null, Object(Config\Cache), false)
 4 FCPATH\index.php(67): CodeIgniter\CodeIgniter->run()
 5 SYSTEMPATH\Commands\Server\rewrite.php(47): require_once('FCPATH\\index.php')
<<<<<<< Updated upstream
WARNING - 2023-07-30 07:11:27 --> [DEPRECATED] Creation of dynamic property App\Controllers\BeritaController::$email is deprecated in APPPATH\Controllers\BaseController.php on line 57.
=======
WARNING - 2023-07-30 14:11:11 --> [DEPRECATED] Creation of dynamic property App\Controllers\BeritaController::$email is deprecated in APPPATH\Controllers\BaseController.php on line 57.
>>>>>>> Stashed changes
 1 SYSTEMPATH\CodeIgniter.php(907): App\Controllers\BaseController->initController(Object(CodeIgniter\HTTP\IncomingRequest), Object(CodeIgniter\HTTP\Response), Object(CodeIgniter\Log\Logger))
 2 SYSTEMPATH\CodeIgniter.php(490): CodeIgniter\CodeIgniter->createController()
 3 SYSTEMPATH\CodeIgniter.php(368): CodeIgniter\CodeIgniter->handleRequest(null, Object(Config\Cache), false)
 4 FCPATH\index.php(67): CodeIgniter\CodeIgniter->run()
 5 SYSTEMPATH\Commands\Server\rewrite.php(47): require_once('FCPATH\\index.php')
<<<<<<< Updated upstream
WARNING - 2023-07-30 07:16:31 --> [DEPRECATED] Creation of dynamic property App\Controllers\BeritaController::$email is deprecated in APPPATH\Controllers\BaseController.php on line 57.
=======
INFO - 2023-07-30 14:11:11 --> Session: Class initialized using 'CodeIgniter\Session\Handlers\FileHandler' driver.
WARNING - 2023-07-30 14:11:13 --> [DEPRECATED] Creation of dynamic property App\Controllers\BeritaController::$email is deprecated in APPPATH\Controllers\BaseController.php on line 57.
>>>>>>> Stashed changes
 1 SYSTEMPATH\CodeIgniter.php(907): App\Controllers\BaseController->initController(Object(CodeIgniter\HTTP\IncomingRequest), Object(CodeIgniter\HTTP\Response), Object(CodeIgniter\Log\Logger))
 2 SYSTEMPATH\CodeIgniter.php(490): CodeIgniter\CodeIgniter->createController()
 3 SYSTEMPATH\CodeIgniter.php(368): CodeIgniter\CodeIgniter->handleRequest(null, Object(Config\Cache), false)
 4 FCPATH\index.php(67): CodeIgniter\CodeIgniter->run()
 5 SYSTEMPATH\Commands\Server\rewrite.php(47): require_once('FCPATH\\index.php')
<<<<<<< Updated upstream
WARNING - 2023-07-30 07:18:19 --> [DEPRECATED] Creation of dynamic property App\Controllers\BeritaController::$email is deprecated in APPPATH\Controllers\BaseController.php on line 57.
=======
WARNING - 2023-07-30 14:11:16 --> [DEPRECATED] Creation of dynamic property App\Controllers\Home::$email is deprecated in APPPATH\Controllers\BaseController.php on line 57.
>>>>>>> Stashed changes
 1 SYSTEMPATH\CodeIgniter.php(907): App\Controllers\BaseController->initController(Object(CodeIgniter\HTTP\IncomingRequest), Object(CodeIgniter\HTTP\Response), Object(CodeIgniter\Log\Logger))
 2 SYSTEMPATH\CodeIgniter.php(490): CodeIgniter\CodeIgniter->createController()
 3 SYSTEMPATH\CodeIgniter.php(368): CodeIgniter\CodeIgniter->handleRequest(null, Object(Config\Cache), false)
 4 FCPATH\index.php(67): CodeIgniter\CodeIgniter->run()
 5 SYSTEMPATH\Commands\Server\rewrite.php(47): require_once('FCPATH\\index.php')
<<<<<<< Updated upstream
WARNING - 2023-07-30 07:20:05 --> [DEPRECATED] Creation of dynamic property App\Controllers\BeritaController::$email is deprecated in APPPATH\Controllers\BaseController.php on line 57.
=======
WARNING - 2023-07-30 14:11:19 --> [DEPRECATED] Creation of dynamic property App\Controllers\BeritaController::$email is deprecated in APPPATH\Controllers\BaseController.php on line 57.
>>>>>>> Stashed changes
 1 SYSTEMPATH\CodeIgniter.php(907): App\Controllers\BaseController->initController(Object(CodeIgniter\HTTP\IncomingRequest), Object(CodeIgniter\HTTP\Response), Object(CodeIgniter\Log\Logger))
 2 SYSTEMPATH\CodeIgniter.php(490): CodeIgniter\CodeIgniter->createController()
 3 SYSTEMPATH\CodeIgniter.php(368): CodeIgniter\CodeIgniter->handleRequest(null, Object(Config\Cache), false)
 4 FCPATH\index.php(67): CodeIgniter\CodeIgniter->run()
 5 SYSTEMPATH\Commands\Server\rewrite.php(47): require_once('FCPATH\\index.php')
<<<<<<< Updated upstream
WARNING - 2023-07-30 07:22:27 --> [DEPRECATED] Creation of dynamic property App\Controllers\BeritaController::$email is deprecated in APPPATH\Controllers\BaseController.php on line 57.
=======
WARNING - 2023-07-30 14:11:34 --> [DEPRECATED] Creation of dynamic property App\Controllers\PengaturanController::$email is deprecated in APPPATH\Controllers\BaseController.php on line 57.
>>>>>>> Stashed changes
 1 SYSTEMPATH\CodeIgniter.php(907): App\Controllers\BaseController->initController(Object(CodeIgniter\HTTP\IncomingRequest), Object(CodeIgniter\HTTP\Response), Object(CodeIgniter\Log\Logger))
 2 SYSTEMPATH\CodeIgniter.php(490): CodeIgniter\CodeIgniter->createController()
 3 SYSTEMPATH\CodeIgniter.php(368): CodeIgniter\CodeIgniter->handleRequest(null, Object(Config\Cache), false)
 4 FCPATH\index.php(67): CodeIgniter\CodeIgniter->run()
 5 SYSTEMPATH\Commands\Server\rewrite.php(47): require_once('FCPATH\\index.php')
<<<<<<< Updated upstream
WARNING - 2023-07-30 07:26:29 --> [DEPRECATED] Creation of dynamic property App\Controllers\BeritaController::$email is deprecated in APPPATH\Controllers\BaseController.php on line 57.
=======
INFO - 2023-07-30 14:11:34 --> Session: Class initialized using 'CodeIgniter\Session\Handlers\FileHandler' driver.
WARNING - 2023-07-30 14:11:35 --> [DEPRECATED] Creation of dynamic property App\Controllers\Home::$email is deprecated in APPPATH\Controllers\BaseController.php on line 57.
>>>>>>> Stashed changes
 1 SYSTEMPATH\CodeIgniter.php(907): App\Controllers\BaseController->initController(Object(CodeIgniter\HTTP\IncomingRequest), Object(CodeIgniter\HTTP\Response), Object(CodeIgniter\Log\Logger))
 2 SYSTEMPATH\CodeIgniter.php(490): CodeIgniter\CodeIgniter->createController()
 3 SYSTEMPATH\CodeIgniter.php(368): CodeIgniter\CodeIgniter->handleRequest(null, Object(Config\Cache), false)
 4 FCPATH\index.php(67): CodeIgniter\CodeIgniter->run()
 5 SYSTEMPATH\Commands\Server\rewrite.php(47): require_once('FCPATH\\index.php')
<<<<<<< Updated upstream
WARNING - 2023-07-30 07:26:35 --> [DEPRECATED] Creation of dynamic property App\Controllers\BeritaController::$email is deprecated in APPPATH\Controllers\BaseController.php on line 57.
=======
WARNING - 2023-07-30 14:11:39 --> [DEPRECATED] Creation of dynamic property App\Controllers\WawasanIslamiController::$email is deprecated in APPPATH\Controllers\BaseController.php on line 57.
>>>>>>> Stashed changes
 1 SYSTEMPATH\CodeIgniter.php(907): App\Controllers\BaseController->initController(Object(CodeIgniter\HTTP\IncomingRequest), Object(CodeIgniter\HTTP\Response), Object(CodeIgniter\Log\Logger))
 2 SYSTEMPATH\CodeIgniter.php(490): CodeIgniter\CodeIgniter->createController()
 3 SYSTEMPATH\CodeIgniter.php(368): CodeIgniter\CodeIgniter->handleRequest(null, Object(Config\Cache), false)
 4 FCPATH\index.php(67): CodeIgniter\CodeIgniter->run()
 5 SYSTEMPATH\Commands\Server\rewrite.php(47): require_once('FCPATH\\index.php')
<<<<<<< Updated upstream
WARNING - 2023-07-30 07:27:01 --> [DEPRECATED] Creation of dynamic property App\Controllers\BeritaController::$email is deprecated in APPPATH\Controllers\BaseController.php on line 57.
=======
WARNING - 2023-07-30 14:11:44 --> [DEPRECATED] Creation of dynamic property App\Controllers\Home::$email is deprecated in APPPATH\Controllers\BaseController.php on line 57.
>>>>>>> Stashed changes
 1 SYSTEMPATH\CodeIgniter.php(907): App\Controllers\BaseController->initController(Object(CodeIgniter\HTTP\IncomingRequest), Object(CodeIgniter\HTTP\Response), Object(CodeIgniter\Log\Logger))
 2 SYSTEMPATH\CodeIgniter.php(490): CodeIgniter\CodeIgniter->createController()
 3 SYSTEMPATH\CodeIgniter.php(368): CodeIgniter\CodeIgniter->handleRequest(null, Object(Config\Cache), false)
 4 FCPATH\index.php(67): CodeIgniter\CodeIgniter->run()
 5 SYSTEMPATH\Commands\Server\rewrite.php(47): require_once('FCPATH\\index.php')
<<<<<<< Updated upstream
WARNING - 2023-07-30 07:27:05 --> [DEPRECATED] Creation of dynamic property App\Controllers\BeritaController::$email is deprecated in APPPATH\Controllers\BaseController.php on line 57.
=======
WARNING - 2023-07-30 14:11:48 --> [DEPRECATED] Creation of dynamic property App\Controllers\MenuLainnyaController::$email is deprecated in APPPATH\Controllers\BaseController.php on line 57.
>>>>>>> Stashed changes
 1 SYSTEMPATH\CodeIgniter.php(907): App\Controllers\BaseController->initController(Object(CodeIgniter\HTTP\IncomingRequest), Object(CodeIgniter\HTTP\Response), Object(CodeIgniter\Log\Logger))
 2 SYSTEMPATH\CodeIgniter.php(490): CodeIgniter\CodeIgniter->createController()
 3 SYSTEMPATH\CodeIgniter.php(368): CodeIgniter\CodeIgniter->handleRequest(null, Object(Config\Cache), false)
 4 FCPATH\index.php(67): CodeIgniter\CodeIgniter->run()
 5 SYSTEMPATH\Commands\Server\rewrite.php(47): require_once('FCPATH\\index.php')
<<<<<<< Updated upstream
INFO - 2023-07-30 07:27:05 --> Session: Class initialized using 'CodeIgniter\Session\Handlers\FileHandler' driver.
WARNING - 2023-07-30 07:27:08 --> [DEPRECATED] Creation of dynamic property App\Controllers\BeritaController::$email is deprecated in APPPATH\Controllers\BaseController.php on line 57.
=======
WARNING - 2023-07-30 14:11:51 --> [DEPRECATED] Creation of dynamic property App\Controllers\JadwalSholatController::$email is deprecated in APPPATH\Controllers\BaseController.php on line 57.
>>>>>>> Stashed changes
 1 SYSTEMPATH\CodeIgniter.php(907): App\Controllers\BaseController->initController(Object(CodeIgniter\HTTP\IncomingRequest), Object(CodeIgniter\HTTP\Response), Object(CodeIgniter\Log\Logger))
 2 SYSTEMPATH\CodeIgniter.php(490): CodeIgniter\CodeIgniter->createController()
 3 SYSTEMPATH\CodeIgniter.php(368): CodeIgniter\CodeIgniter->handleRequest(null, Object(Config\Cache), false)
 4 FCPATH\index.php(67): CodeIgniter\CodeIgniter->run()
 5 SYSTEMPATH\Commands\Server\rewrite.php(47): require_once('FCPATH\\index.php')
<<<<<<< Updated upstream
WARNING - 2023-07-30 07:27:10 --> [DEPRECATED] Creation of dynamic property App\Controllers\BeritaController::$email is deprecated in APPPATH\Controllers\BaseController.php on line 57.
=======
WARNING - 2023-07-30 14:12:04 --> [DEPRECATED] Creation of dynamic property App\Controllers\JadwalSholatController::$email is deprecated in APPPATH\Controllers\BaseController.php on line 57.
>>>>>>> Stashed changes
 1 SYSTEMPATH\CodeIgniter.php(907): App\Controllers\BaseController->initController(Object(CodeIgniter\HTTP\IncomingRequest), Object(CodeIgniter\HTTP\Response), Object(CodeIgniter\Log\Logger))
 2 SYSTEMPATH\CodeIgniter.php(490): CodeIgniter\CodeIgniter->createController()
 3 SYSTEMPATH\CodeIgniter.php(368): CodeIgniter\CodeIgniter->handleRequest(null, Object(Config\Cache), false)
 4 FCPATH\index.php(67): CodeIgniter\CodeIgniter->run()
 5 SYSTEMPATH\Commands\Server\rewrite.php(47): require_once('FCPATH\\index.php')
<<<<<<< Updated upstream
WARNING - 2023-07-30 07:27:12 --> [DEPRECATED] Creation of dynamic property App\Controllers\BeritaController::$email is deprecated in APPPATH\Controllers\BaseController.php on line 57.
=======
INFO - 2023-07-30 14:12:04 --> Session: Class initialized using 'CodeIgniter\Session\Handlers\FileHandler' driver.
WARNING - 2023-07-30 14:12:06 --> [DEPRECATED] Creation of dynamic property App\Controllers\JadwalSholatController::$email is deprecated in APPPATH\Controllers\BaseController.php on line 57.
>>>>>>> Stashed changes
 1 SYSTEMPATH\CodeIgniter.php(907): App\Controllers\BaseController->initController(Object(CodeIgniter\HTTP\IncomingRequest), Object(CodeIgniter\HTTP\Response), Object(CodeIgniter\Log\Logger))
 2 SYSTEMPATH\CodeIgniter.php(490): CodeIgniter\CodeIgniter->createController()
 3 SYSTEMPATH\CodeIgniter.php(368): CodeIgniter\CodeIgniter->handleRequest(null, Object(Config\Cache), false)
 4 FCPATH\index.php(67): CodeIgniter\CodeIgniter->run()
 5 SYSTEMPATH\Commands\Server\rewrite.php(47): require_once('FCPATH\\index.php')
<<<<<<< Updated upstream
INFO - 2023-07-30 07:27:12 --> Session: Class initialized using 'CodeIgniter\Session\Handlers\FileHandler' driver.
WARNING - 2023-07-30 07:27:17 --> [DEPRECATED] Creation of dynamic property App\Controllers\BeritaController::$email is deprecated in APPPATH\Controllers\BaseController.php on line 57.
=======
INFO - 2023-07-30 14:12:06 --> Session: Class initialized using 'CodeIgniter\Session\Handlers\FileHandler' driver.
WARNING - 2023-07-30 14:12:08 --> [DEPRECATED] Creation of dynamic property App\Controllers\JadwalSholatController::$email is deprecated in APPPATH\Controllers\BaseController.php on line 57.
>>>>>>> Stashed changes
 1 SYSTEMPATH\CodeIgniter.php(907): App\Controllers\BaseController->initController(Object(CodeIgniter\HTTP\IncomingRequest), Object(CodeIgniter\HTTP\Response), Object(CodeIgniter\Log\Logger))
 2 SYSTEMPATH\CodeIgniter.php(490): CodeIgniter\CodeIgniter->createController()
 3 SYSTEMPATH\CodeIgniter.php(368): CodeIgniter\CodeIgniter->handleRequest(null, Object(Config\Cache), false)
 4 FCPATH\index.php(67): CodeIgniter\CodeIgniter->run()
 5 SYSTEMPATH\Commands\Server\rewrite.php(47): require_once('FCPATH\\index.php')
<<<<<<< Updated upstream
WARNING - 2023-07-30 07:27:45 --> [DEPRECATED] Creation of dynamic property App\Controllers\BeritaController::$email is deprecated in APPPATH\Controllers\BaseController.php on line 57.
=======
INFO - 2023-07-30 14:12:08 --> Session: Class initialized using 'CodeIgniter\Session\Handlers\FileHandler' driver.
WARNING - 2023-07-30 14:12:10 --> [DEPRECATED] Creation of dynamic property App\Controllers\JadwalSholatController::$email is deprecated in APPPATH\Controllers\BaseController.php on line 57.
>>>>>>> Stashed changes
 1 SYSTEMPATH\CodeIgniter.php(907): App\Controllers\BaseController->initController(Object(CodeIgniter\HTTP\IncomingRequest), Object(CodeIgniter\HTTP\Response), Object(CodeIgniter\Log\Logger))
 2 SYSTEMPATH\CodeIgniter.php(490): CodeIgniter\CodeIgniter->createController()
 3 SYSTEMPATH\CodeIgniter.php(368): CodeIgniter\CodeIgniter->handleRequest(null, Object(Config\Cache), false)
 4 FCPATH\index.php(67): CodeIgniter\CodeIgniter->run()
 5 SYSTEMPATH\Commands\Server\rewrite.php(47): require_once('FCPATH\\index.php')
<<<<<<< Updated upstream
WARNING - 2023-07-30 07:27:48 --> [DEPRECATED] Creation of dynamic property App\Controllers\BeritaController::$email is deprecated in APPPATH\Controllers\BaseController.php on line 57.
=======
WARNING - 2023-07-30 14:12:44 --> [DEPRECATED] Creation of dynamic property App\Controllers\Home::$email is deprecated in APPPATH\Controllers\BaseController.php on line 57.
>>>>>>> Stashed changes
 1 SYSTEMPATH\CodeIgniter.php(907): App\Controllers\BaseController->initController(Object(CodeIgniter\HTTP\IncomingRequest), Object(CodeIgniter\HTTP\Response), Object(CodeIgniter\Log\Logger))
 2 SYSTEMPATH\CodeIgniter.php(490): CodeIgniter\CodeIgniter->createController()
 3 SYSTEMPATH\CodeIgniter.php(368): CodeIgniter\CodeIgniter->handleRequest(null, Object(Config\Cache), false)
 4 FCPATH\index.php(67): CodeIgniter\CodeIgniter->run()
 5 SYSTEMPATH\Commands\Server\rewrite.php(47): require_once('FCPATH\\index.php')
<<<<<<< Updated upstream
INFO - 2023-07-30 07:27:48 --> Session: Class initialized using 'CodeIgniter\Session\Handlers\FileHandler' driver.
WARNING - 2023-07-30 07:27:52 --> [DEPRECATED] Creation of dynamic property App\Controllers\BeritaController::$email is deprecated in APPPATH\Controllers\BaseController.php on line 57.
=======
WARNING - 2023-07-30 14:13:01 --> [DEPRECATED] Creation of dynamic property App\Controllers\BeritaController::$email is deprecated in APPPATH\Controllers\BaseController.php on line 57.
>>>>>>> Stashed changes
 1 SYSTEMPATH\CodeIgniter.php(907): App\Controllers\BaseController->initController(Object(CodeIgniter\HTTP\IncomingRequest), Object(CodeIgniter\HTTP\Response), Object(CodeIgniter\Log\Logger))
 2 SYSTEMPATH\CodeIgniter.php(490): CodeIgniter\CodeIgniter->createController()
 3 SYSTEMPATH\CodeIgniter.php(368): CodeIgniter\CodeIgniter->handleRequest(null, Object(Config\Cache), false)
 4 FCPATH\index.php(67): CodeIgniter\CodeIgniter->run()
 5 SYSTEMPATH\Commands\Server\rewrite.php(47): require_once('FCPATH\\index.php')
<<<<<<< Updated upstream
WARNING - 2023-07-30 07:30:10 --> [DEPRECATED] Creation of dynamic property App\Controllers\BeritaController::$email is deprecated in APPPATH\Controllers\BaseController.php on line 57.
=======
WARNING - 2023-07-30 14:13:04 --> [DEPRECATED] Creation of dynamic property App\Controllers\PengaturanController::$email is deprecated in APPPATH\Controllers\BaseController.php on line 57.
>>>>>>> Stashed changes
 1 SYSTEMPATH\CodeIgniter.php(907): App\Controllers\BaseController->initController(Object(CodeIgniter\HTTP\IncomingRequest), Object(CodeIgniter\HTTP\Response), Object(CodeIgniter\Log\Logger))
 2 SYSTEMPATH\CodeIgniter.php(490): CodeIgniter\CodeIgniter->createController()
 3 SYSTEMPATH\CodeIgniter.php(368): CodeIgniter\CodeIgniter->handleRequest(null, Object(Config\Cache), false)
 4 FCPATH\index.php(67): CodeIgniter\CodeIgniter->run()
 5 SYSTEMPATH\Commands\Server\rewrite.php(47): require_once('FCPATH\\index.php')
<<<<<<< Updated upstream
WARNING - 2023-07-30 07:30:21 --> [DEPRECATED] Creation of dynamic property App\Controllers\BeritaController::$email is deprecated in APPPATH\Controllers\BaseController.php on line 57.
=======
INFO - 2023-07-30 14:13:04 --> Session: Class initialized using 'CodeIgniter\Session\Handlers\FileHandler' driver.
WARNING - 2023-07-30 14:13:06 --> [DEPRECATED] Creation of dynamic property App\Controllers\PengaturanNotifikasiController::$email is deprecated in APPPATH\Controllers\BaseController.php on line 57.
>>>>>>> Stashed changes
 1 SYSTEMPATH\CodeIgniter.php(907): App\Controllers\BaseController->initController(Object(CodeIgniter\HTTP\IncomingRequest), Object(CodeIgniter\HTTP\Response), Object(CodeIgniter\Log\Logger))
 2 SYSTEMPATH\CodeIgniter.php(490): CodeIgniter\CodeIgniter->createController()
 3 SYSTEMPATH\CodeIgniter.php(368): CodeIgniter\CodeIgniter->handleRequest(null, Object(Config\Cache), false)
 4 FCPATH\index.php(67): CodeIgniter\CodeIgniter->run()
 5 SYSTEMPATH\Commands\Server\rewrite.php(47): require_once('FCPATH\\index.php')
<<<<<<< Updated upstream
WARNING - 2023-07-30 07:30:30 --> [DEPRECATED] Creation of dynamic property App\Controllers\Home::$email is deprecated in APPPATH\Controllers\BaseController.php on line 57.
=======
WARNING - 2023-07-30 14:13:09 --> [DEPRECATED] Creation of dynamic property App\Controllers\PengaturanController::$email is deprecated in APPPATH\Controllers\BaseController.php on line 57.
>>>>>>> Stashed changes
 1 SYSTEMPATH\CodeIgniter.php(907): App\Controllers\BaseController->initController(Object(CodeIgniter\HTTP\IncomingRequest), Object(CodeIgniter\HTTP\Response), Object(CodeIgniter\Log\Logger))
 2 SYSTEMPATH\CodeIgniter.php(490): CodeIgniter\CodeIgniter->createController()
 3 SYSTEMPATH\CodeIgniter.php(368): CodeIgniter\CodeIgniter->handleRequest(null, Object(Config\Cache), false)
 4 FCPATH\index.php(67): CodeIgniter\CodeIgniter->run()
 5 SYSTEMPATH\Commands\Server\rewrite.php(47): require_once('FCPATH\\index.php')
<<<<<<< Updated upstream
WARNING - 2023-07-30 07:31:41 --> [DEPRECATED] Creation of dynamic property App\Controllers\Home::$email is deprecated in APPPATH\Controllers\BaseController.php on line 57.
=======
INFO - 2023-07-30 14:13:09 --> Session: Class initialized using 'CodeIgniter\Session\Handlers\FileHandler' driver.
WARNING - 2023-07-30 14:13:17 --> [DEPRECATED] Creation of dynamic property App\Controllers\PengaturanBroadcastController::$email is deprecated in APPPATH\Controllers\BaseController.php on line 57.
>>>>>>> Stashed changes
 1 SYSTEMPATH\CodeIgniter.php(907): App\Controllers\BaseController->initController(Object(CodeIgniter\HTTP\IncomingRequest), Object(CodeIgniter\HTTP\Response), Object(CodeIgniter\Log\Logger))
 2 SYSTEMPATH\CodeIgniter.php(490): CodeIgniter\CodeIgniter->createController()
 3 SYSTEMPATH\CodeIgniter.php(368): CodeIgniter\CodeIgniter->handleRequest(null, Object(Config\Cache), false)
 4 FCPATH\index.php(67): CodeIgniter\CodeIgniter->run()
 5 SYSTEMPATH\Commands\Server\rewrite.php(47): require_once('FCPATH\\index.php')
<<<<<<< Updated upstream
WARNING - 2023-07-30 07:31:50 --> [DEPRECATED] Creation of dynamic property App\Controllers\Home::$email is deprecated in APPPATH\Controllers\BaseController.php on line 57.
=======
WARNING - 2023-07-30 14:13:20 --> [DEPRECATED] Creation of dynamic property App\Controllers\PengaturanController::$email is deprecated in APPPATH\Controllers\BaseController.php on line 57.
>>>>>>> Stashed changes
 1 SYSTEMPATH\CodeIgniter.php(907): App\Controllers\BaseController->initController(Object(CodeIgniter\HTTP\IncomingRequest), Object(CodeIgniter\HTTP\Response), Object(CodeIgniter\Log\Logger))
 2 SYSTEMPATH\CodeIgniter.php(490): CodeIgniter\CodeIgniter->createController()
 3 SYSTEMPATH\CodeIgniter.php(368): CodeIgniter\CodeIgniter->handleRequest(null, Object(Config\Cache), false)
 4 FCPATH\index.php(67): CodeIgniter\CodeIgniter->run()
 5 SYSTEMPATH\Commands\Server\rewrite.php(47): require_once('FCPATH\\index.php')
<<<<<<< Updated upstream
WARNING - 2023-07-30 07:32:20 --> [DEPRECATED] Creation of dynamic property App\Controllers\BeritaController::$email is deprecated in APPPATH\Controllers\BaseController.php on line 57.
=======
INFO - 2023-07-30 14:13:20 --> Session: Class initialized using 'CodeIgniter\Session\Handlers\FileHandler' driver.
WARNING - 2023-07-30 14:13:22 --> [DEPRECATED] Creation of dynamic property App\Controllers\PengaturanBroadcastController::$email is deprecated in APPPATH\Controllers\BaseController.php on line 57.
>>>>>>> Stashed changes
 1 SYSTEMPATH\CodeIgniter.php(907): App\Controllers\BaseController->initController(Object(CodeIgniter\HTTP\IncomingRequest), Object(CodeIgniter\HTTP\Response), Object(CodeIgniter\Log\Logger))
 2 SYSTEMPATH\CodeIgniter.php(490): CodeIgniter\CodeIgniter->createController()
 3 SYSTEMPATH\CodeIgniter.php(368): CodeIgniter\CodeIgniter->handleRequest(null, Object(Config\Cache), false)
 4 FCPATH\index.php(67): CodeIgniter\CodeIgniter->run()
 5 SYSTEMPATH\Commands\Server\rewrite.php(47): require_once('FCPATH\\index.php')
<<<<<<< Updated upstream
WARNING - 2023-07-30 07:42:28 --> [DEPRECATED] Creation of dynamic property App\Controllers\BeritaController::$email is deprecated in APPPATH\Controllers\BaseController.php on line 57.
=======
WARNING - 2023-07-30 14:13:25 --> [DEPRECATED] Creation of dynamic property App\Controllers\PengaturanController::$email is deprecated in APPPATH\Controllers\BaseController.php on line 57.
>>>>>>> Stashed changes
 1 SYSTEMPATH\CodeIgniter.php(907): App\Controllers\BaseController->initController(Object(CodeIgniter\HTTP\IncomingRequest), Object(CodeIgniter\HTTP\Response), Object(CodeIgniter\Log\Logger))
 2 SYSTEMPATH\CodeIgniter.php(490): CodeIgniter\CodeIgniter->createController()
 3 SYSTEMPATH\CodeIgniter.php(368): CodeIgniter\CodeIgniter->handleRequest(null, Object(Config\Cache), false)
 4 FCPATH\index.php(67): CodeIgniter\CodeIgniter->run()
 5 SYSTEMPATH\Commands\Server\rewrite.php(47): require_once('FCPATH\\index.php')
<<<<<<< Updated upstream
WARNING - 2023-07-30 07:42:39 --> [DEPRECATED] Creation of dynamic property App\Controllers\BeritaController::$email is deprecated in APPPATH\Controllers\BaseController.php on line 57.
=======
INFO - 2023-07-30 14:13:25 --> Session: Class initialized using 'CodeIgniter\Session\Handlers\FileHandler' driver.
WARNING - 2023-07-30 14:14:34 --> [DEPRECATED] Creation of dynamic property App\Controllers\PengaturanController::$email is deprecated in APPPATH\Controllers\BaseController.php on line 57.
>>>>>>> Stashed changes
 1 SYSTEMPATH\CodeIgniter.php(907): App\Controllers\BaseController->initController(Object(CodeIgniter\HTTP\IncomingRequest), Object(CodeIgniter\HTTP\Response), Object(CodeIgniter\Log\Logger))
 2 SYSTEMPATH\CodeIgniter.php(490): CodeIgniter\CodeIgniter->createController()
 3 SYSTEMPATH\CodeIgniter.php(368): CodeIgniter\CodeIgniter->handleRequest(null, Object(Config\Cache), false)
 4 FCPATH\index.php(67): CodeIgniter\CodeIgniter->run()
 5 SYSTEMPATH\Commands\Server\rewrite.php(47): require_once('FCPATH\\index.php')
<<<<<<< Updated upstream
WARNING - 2023-07-30 07:42:50 --> [DEPRECATED] Creation of dynamic property App\Controllers\BeritaController::$email is deprecated in APPPATH\Controllers\BaseController.php on line 57.
=======
INFO - 2023-07-30 14:14:34 --> Session: Class initialized using 'CodeIgniter\Session\Handlers\FileHandler' driver.
WARNING - 2023-07-30 14:14:35 --> [DEPRECATED] Creation of dynamic property App\Controllers\PengaturanBroadcastController::$email is deprecated in APPPATH\Controllers\BaseController.php on line 57.
>>>>>>> Stashed changes
 1 SYSTEMPATH\CodeIgniter.php(907): App\Controllers\BaseController->initController(Object(CodeIgniter\HTTP\IncomingRequest), Object(CodeIgniter\HTTP\Response), Object(CodeIgniter\Log\Logger))
 2 SYSTEMPATH\CodeIgniter.php(490): CodeIgniter\CodeIgniter->createController()
 3 SYSTEMPATH\CodeIgniter.php(368): CodeIgniter\CodeIgniter->handleRequest(null, Object(Config\Cache), false)
 4 FCPATH\index.php(67): CodeIgniter\CodeIgniter->run()
 5 SYSTEMPATH\Commands\Server\rewrite.php(47): require_once('FCPATH\\index.php')
<<<<<<< Updated upstream
WARNING - 2023-07-30 07:44:55 --> [DEPRECATED] Creation of dynamic property App\Controllers\BeritaController::$email is deprecated in APPPATH\Controllers\BaseController.php on line 57.
=======
WARNING - 2023-07-30 14:14:48 --> [DEPRECATED] Creation of dynamic property App\Controllers\PengaturanController::$email is deprecated in APPPATH\Controllers\BaseController.php on line 57.
>>>>>>> Stashed changes
 1 SYSTEMPATH\CodeIgniter.php(907): App\Controllers\BaseController->initController(Object(CodeIgniter\HTTP\IncomingRequest), Object(CodeIgniter\HTTP\Response), Object(CodeIgniter\Log\Logger))
 2 SYSTEMPATH\CodeIgniter.php(490): CodeIgniter\CodeIgniter->createController()
 3 SYSTEMPATH\CodeIgniter.php(368): CodeIgniter\CodeIgniter->handleRequest(null, Object(Config\Cache), false)
 4 FCPATH\index.php(67): CodeIgniter\CodeIgniter->run()
 5 SYSTEMPATH\Commands\Server\rewrite.php(47): require_once('FCPATH\\index.php')
<<<<<<< Updated upstream
WARNING - 2023-07-30 07:45:23 --> [DEPRECATED] Creation of dynamic property App\Controllers\BeritaController::$email is deprecated in APPPATH\Controllers\BaseController.php on line 57.
 1 SYSTEMPATH\CodeIgniter.php(907): App\Controllers\BaseController->initController(Object(CodeIgniter\HTTP\IncomingRequest), Object(CodeIgniter\HTTP\Response), Object(CodeIgniter\Log\Logger))
 2 SYSTEMPATH\CodeIgniter.php(490): CodeIgniter\CodeIgniter->createController()
 3 SYSTEMPATH\CodeIgniter.php(368): CodeIgniter\CodeIgniter->handleRequest(null, Object(Config\Cache), false)
 4 FCPATH\index.php(67): CodeIgniter\CodeIgniter->run()
 5 SYSTEMPATH\Commands\Server\rewrite.php(47): require_once('FCPATH\\index.php')
INFO - 2023-07-30 07:45:23 --> Session: Class initialized using 'CodeIgniter\Session\Handlers\FileHandler' driver.
WARNING - 2023-07-30 07:45:27 --> [DEPRECATED] Creation of dynamic property App\Controllers\BeritaController::$email is deprecated in APPPATH\Controllers\BaseController.php on line 57.
 1 SYSTEMPATH\CodeIgniter.php(907): App\Controllers\BaseController->initController(Object(CodeIgniter\HTTP\IncomingRequest), Object(CodeIgniter\HTTP\Response), Object(CodeIgniter\Log\Logger))
 2 SYSTEMPATH\CodeIgniter.php(490): CodeIgniter\CodeIgniter->createController()
 3 SYSTEMPATH\CodeIgniter.php(368): CodeIgniter\CodeIgniter->handleRequest(null, Object(Config\Cache), false)
 4 FCPATH\index.php(67): CodeIgniter\CodeIgniter->run()
 5 SYSTEMPATH\Commands\Server\rewrite.php(47): require_once('FCPATH\\index.php')
WARNING - 2023-07-30 07:45:29 --> [DEPRECATED] Creation of dynamic property App\Controllers\BeritaController::$email is deprecated in APPPATH\Controllers\BaseController.php on line 57.
 1 SYSTEMPATH\CodeIgniter.php(907): App\Controllers\BaseController->initController(Object(CodeIgniter\HTTP\IncomingRequest), Object(CodeIgniter\HTTP\Response), Object(CodeIgniter\Log\Logger))
 2 SYSTEMPATH\CodeIgniter.php(490): CodeIgniter\CodeIgniter->createController()
 3 SYSTEMPATH\CodeIgniter.php(368): CodeIgniter\CodeIgniter->handleRequest(null, Object(Config\Cache), false)
 4 FCPATH\index.php(67): CodeIgniter\CodeIgniter->run()
 5 SYSTEMPATH\Commands\Server\rewrite.php(47): require_once('FCPATH\\index.php')
INFO - 2023-07-30 07:45:29 --> Session: Class initialized using 'CodeIgniter\Session\Handlers\FileHandler' driver.
WARNING - 2023-07-30 07:45:33 --> [DEPRECATED] Creation of dynamic property App\Controllers\BeritaController::$email is deprecated in APPPATH\Controllers\BaseController.php on line 57.
 1 SYSTEMPATH\CodeIgniter.php(907): App\Controllers\BaseController->initController(Object(CodeIgniter\HTTP\IncomingRequest), Object(CodeIgniter\HTTP\Response), Object(CodeIgniter\Log\Logger))
 2 SYSTEMPATH\CodeIgniter.php(490): CodeIgniter\CodeIgniter->createController()
 3 SYSTEMPATH\CodeIgniter.php(368): CodeIgniter\CodeIgniter->handleRequest(null, Object(Config\Cache), false)
 4 FCPATH\index.php(67): CodeIgniter\CodeIgniter->run()
 5 SYSTEMPATH\Commands\Server\rewrite.php(47): require_once('FCPATH\\index.php')
WARNING - 2023-07-30 07:45:35 --> [DEPRECATED] Creation of dynamic property App\Controllers\Home::$email is deprecated in APPPATH\Controllers\BaseController.php on line 57.
 1 SYSTEMPATH\CodeIgniter.php(907): App\Controllers\BaseController->initController(Object(CodeIgniter\HTTP\IncomingRequest), Object(CodeIgniter\HTTP\Response), Object(CodeIgniter\Log\Logger))
 2 SYSTEMPATH\CodeIgniter.php(490): CodeIgniter\CodeIgniter->createController()
 3 SYSTEMPATH\CodeIgniter.php(368): CodeIgniter\CodeIgniter->handleRequest(null, Object(Config\Cache), false)
 4 FCPATH\index.php(67): CodeIgniter\CodeIgniter->run()
 5 SYSTEMPATH\Commands\Server\rewrite.php(47): require_once('FCPATH\\index.php')
WARNING - 2023-07-30 07:45:41 --> [DEPRECATED] Creation of dynamic property App\Controllers\BeritaController::$email is deprecated in APPPATH\Controllers\BaseController.php on line 57.
 1 SYSTEMPATH\CodeIgniter.php(907): App\Controllers\BaseController->initController(Object(CodeIgniter\HTTP\IncomingRequest), Object(CodeIgniter\HTTP\Response), Object(CodeIgniter\Log\Logger))
 2 SYSTEMPATH\CodeIgniter.php(490): CodeIgniter\CodeIgniter->createController()
 3 SYSTEMPATH\CodeIgniter.php(368): CodeIgniter\CodeIgniter->handleRequest(null, Object(Config\Cache), false)
 4 FCPATH\index.php(67): CodeIgniter\CodeIgniter->run()
 5 SYSTEMPATH\Commands\Server\rewrite.php(47): require_once('FCPATH\\index.php')
WARNING - 2023-07-30 07:45:44 --> [DEPRECATED] Creation of dynamic property App\Controllers\PengaturanController::$email is deprecated in APPPATH\Controllers\BaseController.php on line 57.
 1 SYSTEMPATH\CodeIgniter.php(907): App\Controllers\BaseController->initController(Object(CodeIgniter\HTTP\IncomingRequest), Object(CodeIgniter\HTTP\Response), Object(CodeIgniter\Log\Logger))
 2 SYSTEMPATH\CodeIgniter.php(490): CodeIgniter\CodeIgniter->createController()
 3 SYSTEMPATH\CodeIgniter.php(368): CodeIgniter\CodeIgniter->handleRequest(null, Object(Config\Cache), false)
 4 FCPATH\index.php(67): CodeIgniter\CodeIgniter->run()
 5 SYSTEMPATH\Commands\Server\rewrite.php(47): require_once('FCPATH\\index.php')
INFO - 2023-07-30 07:45:44 --> Session: Class initialized using 'CodeIgniter\Session\Handlers\FileHandler' driver.
WARNING - 2023-07-30 07:45:46 --> [DEPRECATED] Creation of dynamic property App\Controllers\KutipanController::$email is deprecated in APPPATH\Controllers\BaseController.php on line 57.
=======
INFO - 2023-07-30 14:14:48 --> Session: Class initialized using 'CodeIgniter\Session\Handlers\FileHandler' driver.
WARNING - 2023-07-30 14:14:52 --> [DEPRECATED] Creation of dynamic property App\Controllers\BeritaController::$email is deprecated in APPPATH\Controllers\BaseController.php on line 57.
>>>>>>> Stashed changes
 1 SYSTEMPATH\CodeIgniter.php(907): App\Controllers\BaseController->initController(Object(CodeIgniter\HTTP\IncomingRequest), Object(CodeIgniter\HTTP\Response), Object(CodeIgniter\Log\Logger))
 2 SYSTEMPATH\CodeIgniter.php(490): CodeIgniter\CodeIgniter->createController()
 3 SYSTEMPATH\CodeIgniter.php(368): CodeIgniter\CodeIgniter->handleRequest(null, Object(Config\Cache), false)
 4 FCPATH\index.php(67): CodeIgniter\CodeIgniter->run()
 5 SYSTEMPATH\Commands\Server\rewrite.php(47): require_once('FCPATH\\index.php')
